Oct 08, 2023 5:00:35 PM src.AggregationServer main
INFO: Log File for Aggregation Server
Oct 08, 2023 5:00:35 PM src.AggregationServer main
INFO: Server listening on port 4567
Oct 08, 2023 5:00:35 PM src.AggregationServer main
INFO: Starting processing thread No. 0

Oct 08, 2023 5:00:35 PM src.AggregationServer main
INFO: Starting processing thread No. 1

Oct 08, 2023 5:00:35 PM src.AggregationServer main
INFO: Starting processing thread No. 2

Oct 08, 2023 5:00:35 PM src.AggregationServer main
INFO: Starting processing thread No. 3

Oct 08, 2023 5:00:35 PM src.AggregationServer main
INFO: Starting processing thread No. 4

Oct 08, 2023 5:00:35 PM src.AggregationServer main
INFO: Starting processing thread No. 5

Oct 08, 2023 5:00:35 PM src.AggregationServer main
INFO: Starting processing thread No. 6

Oct 08, 2023 5:00:35 PM src.AggregationServer main
INFO: Starting processing thread No. 7

Oct 08, 2023 5:00:35 PM src.AggregationServer main
INFO: Starting processing thread No. 8

Oct 08, 2023 5:00:35 PM src.AggregationServer main
INFO: Starting processing thread No. 9

Oct 08, 2023 5:00:35 PM src.AggregationServer main
INFO: Starting periodic deletion thread. Deletion time it set to 45 seconds.

Oct 08, 2023 5:00:40 PM src.AggregationServer$ClientHandler run
INFO: New CS Connection. JSON Body:
{"id":"IDS60901","name":"Adelaide","state":"SA","time_zone":"GMT","lat":"-29.347252903120555","lon":"129.61847141952433","local_date_time":null,"local_date_time_full":"20238388223055","air_temp":"-6.490930336491232","apparent_t":"31.356280272721207","cloud":"Mostly cloudy","dewpt":"10.94456172350558","press":"1028.5563185525173","rel_hum":"92","wind_dir":"S","wind_spd_kmh":"21","wind_spd_kt":"6"}

Oct 08, 2023 5:00:40 PM src.AggregationServer handlePutRequest
INFO: Response sent to CS immidiately

Oct 08, 2023 5:00:40 PM src.AggregationServer$ClientHandler run
INFO: New CS Connection. JSON Body:
{"id":"IDS60901","name":"Adelaide","state":"SA","time_zone":"JST","lat":"31.407831415625864","lon":"-7.431744245657825","local_date_time":null,"local_date_time_full":"2023125451209","air_temp":"22.515152535114034","apparent_t":"16.12999590609686","cloud":"Overcast","dewpt":"-4.24990761366129","press":"968.27633065699","rel_hum":"63","wind_dir":"N","wind_spd_kmh":"8","wind_spd_kt":"1"}

Oct 08, 2023 5:00:40 PM src.AggregationServer handlePutRequest
INFO: Response sent to CS immidiately

Oct 08, 2023 5:00:40 PM src.AggregationServer$ClientHandler run
INFO: New CS Connection. JSON Body:
{"id":"IDS60901","name":"Adelaide","state":"SA","time_zone":"IST","lat":"89.25444478608412","lon":"16.0888139318765","local_date_time":null,"local_date_time_full":"202317403304","air_temp":"31.65026338531611","apparent_t":"11.631337029238644","cloud":"Clear","dewpt":"3.9499100903738515","press":"1087.3003341082704","rel_hum":"20","wind_dir":"W","wind_spd_kmh":"21","wind_spd_kt":"12"}

Oct 08, 2023 5:00:40 PM src.AggregationServer handlePutRequest
INFO: Response sent to CS immidiately

Oct 08, 2023 5:00:40 PM src.AggregationServer$ClientHandler run
INFO: New CS Connection. JSON Body:
{"id":"IDS60901","name":"Adelaide","state":"SA","time_zone":"GMT","lat":"26.403902617573593","lon":"-117.92842804484951","local_date_time":null,"local_date_time_full":"20231235904938","air_temp":"-2.6787756496168127","apparent_t":"36.65486601700626","cloud":"Partly cloudy","dewpt":"15.108317142304799","press":"1088.6086953736117","rel_hum":"56","wind_dir":"N","wind_spd_kmh":"17","wind_spd_kt":"3"}

Oct 08, 2023 5:00:40 PM src.AggregationServer handlePutRequest
INFO: Response sent to CS immidiately

Oct 08, 2023 5:00:40 PM src.AggregationServer$ClientHandler run
INFO: New CS Connection. JSON Body:
{"id":"IDS60901","name":"Adelaide","state":"SA","time_zone":"JST","lat":"-40.89730450550361","lon":"43.60586275106229","local_date_time":null,"local_date_time_full":"2023457894743","air_temp":"19.900850544744927","apparent_t":"-5.817912160660507","cloud":"Partly cloudy","dewpt":"17.508676545285965","press":"938.5077060235434","rel_hum":"39","wind_dir":"N","wind_spd_kmh":"23","wind_spd_kt":"0"}

Oct 08, 2023 5:00:40 PM src.AggregationServer handlePutRequest
INFO: Response sent to CS immidiately

Oct 08, 2023 5:00:40 PM src.AggregationServer$ClientHandler run
INFO: New CS Connection. JSON Body:
{"id":"IDS60901","name":"Adelaide","state":"SA","time_zone":"EST","lat":"-10.231594406136566","lon":"-110.1638467408522","local_date_time":null,"local_date_time_full":"20233854165724","air_temp":"38.89570760837646","apparent_t":"-5.005176613420284","cloud":"Mostly cloudy","dewpt":"4.057059749340098","press":"974.5179669863481","rel_hum":"76","wind_dir":"E","wind_spd_kmh":"3","wind_spd_kt":"0"}

Oct 08, 2023 5:00:40 PM src.AggregationServer handlePutRequest
INFO: Response sent to CS immidiately

Oct 08, 2023 5:00:41 PM src.AggregationServer$ClientHandler run
INFO: New CS Connection. JSON Body:
{"id":"IDS60902","name":"Sydney","state":"NSW","time_zone":"ECT","lat":"48.59757370831173","lon":"168.6603136950086","local_date_time":null,"local_date_time_full":"20237235125952","air_temp":"34.021491776674715","apparent_t":"19.293927748245803","cloud":"Mostly cloudy","dewpt":"-3.956943554587866","press":"1053.135304181803","rel_hum":"65","wind_dir":"SW","wind_spd_kmh":"15","wind_spd_kt":"6"}

Oct 08, 2023 5:00:41 PM src.AggregationServer handlePutRequest
INFO: Response sent to CS immidiately

Oct 08, 2023 5:00:41 PM src.AggregationServer$ClientHandler run
INFO: New CS Connection. JSON Body:
{"id":"IDS60902","name":"Sydney","state":"NSW","time_zone":"IST","lat":"53.034536155705155","lon":"-36.90719736998801","local_date_time":null,"local_date_time_full":"2023532513528","air_temp":"15.51696599473382","apparent_t":"38.35294342743398","cloud":"Clear","dewpt":"17.637657374042185","press":"1063.3942094840966","rel_hum":"94","wind_dir":"NE","wind_spd_kmh":"2","wind_spd_kt":"17"}

Oct 08, 2023 5:00:41 PM src.AggregationServer handlePutRequest
INFO: Response sent to CS immidiately

Oct 08, 2023 5:00:41 PM src.AggregationServer$ClientHandler run
INFO: New CS Connection. JSON Body:
{"id":"IDS60902","name":"Sydney","state":"NSW","time_zone":"EST","lat":"9.565293015504409","lon":"-66.21882507086802","local_date_time":null,"local_date_time_full":"202310503183752","air_temp":"-1.0616109920690082","apparent_t":"7.3643820881199105","cloud":"Overcast","dewpt":"21.05927262886118","press":"1072.5429093690918","rel_hum":"96","wind_dir":"SW","wind_spd_kmh":"27","wind_spd_kt":"3"}

Oct 08, 2023 5:00:41 PM src.AggregationServer handlePutRequest
INFO: Response sent to CS immidiately

Oct 08, 2023 5:00:41 PM src.AggregationServer$ClientHandler run
INFO: New CS Connection. JSON Body:
{"id":"IDS60902","name":"Sydney","state":"NSW","time_zone":"JST","lat":"-87.96788656434903","lon":"-56.15989827875339","local_date_time":null,"local_date_time_full":"20231150311544","air_temp":"-8.08678612165062","apparent_t":"12.953833420562063","cloud":"Mostly cloudy","dewpt":"-6.225745151299411","press":"958.1659889660531","rel_hum":"68","wind_dir":"E","wind_spd_kmh":"19","wind_spd_kt":"8"}

Oct 08, 2023 5:00:41 PM src.AggregationServer handlePutRequest
INFO: Response sent to CS immidiately

Oct 08, 2023 5:00:41 PM src.AggregationServer$ClientHandler run
INFO: New CS Connection. JSON Body:
{"id":"IDS60902","name":"Sydney","state":"NSW","time_zone":"AEDT","lat":"44.75964976138002","lon":"101.49455439777074","local_date_time":null,"local_date_time_full":"2023188293824","air_temp":"2.5249631692159245","apparent_t":"4.860957055523377","cloud":"Mostly cloudy","dewpt":"7.88082128513436","press":"1061.0052942808038","rel_hum":"32","wind_dir":"NW","wind_spd_kmh":"2","wind_spd_kt":"0"}

Oct 08, 2023 5:00:41 PM src.AggregationServer handlePutRequest
INFO: Response sent to CS immidiately

Oct 08, 2023 5:00:41 PM src.AggregationServer$ClientHandler run
INFO: New CS Connection. JSON Body:
{"id":"IDS60902","name":"Sydney","state":"NSW","time_zone":"GMT","lat":"-79.54015652996225","lon":"-176.3607654881395","local_date_time":null,"local_date_time_full":"20238182212337","air_temp":"38.39646033515628","apparent_t":"23.883085223034072","cloud":"Overcast","dewpt":"22.486584905824927","press":"971.0614458410861","rel_hum":"39","wind_dir":"NE","wind_spd_kmh":"1","wind_spd_kt":"12"}

Oct 08, 2023 5:00:41 PM src.AggregationServer handlePutRequest
INFO: Response sent to CS immidiately

Oct 08, 2023 5:00:42 PM src.AggregationServer$ClientHandler run
INFO: New Client Connection. Requested City: IDS60906

Oct 08, 2023 5:00:42 PM src.AggregationServer handleGetRequest
INFO: Response sent to Client immidiately

Oct 08, 2023 5:00:42 PM src.AggregationServer$ClientHandler run
INFO: New Client Connection. Requested City: IDS60910

Oct 08, 2023 5:00:42 PM src.AggregationServer handleGetRequest
INFO: Response sent to Client immidiately

Oct 08, 2023 5:00:42 PM src.AggregationServer$ClientHandler run
INFO: New Client Connection. Requested City: IDS60906

Oct 08, 2023 5:00:42 PM src.AggregationServer handleGetRequest
INFO: Response sent to Client immidiately

Oct 08, 2023 5:00:42 PM src.AggregationServer$ClientHandler run
INFO: New Client Connection. Requested City: IDS60901

Oct 08, 2023 5:00:42 PM src.AggregationServer handleGetRequest
INFO: Response sent to Client immidiately

Oct 08, 2023 5:00:42 PM src.AggregationServer$ClientHandler run
INFO: New Client Connection. Requested City: IDS60910

Oct 08, 2023 5:00:42 PM src.AggregationServer handleGetRequest
INFO: Response sent to Client immidiately

Oct 08, 2023 5:00:42 PM src.AggregationServer$ClientHandler run
INFO: New Client Connection. Requested City: IDS60901

Oct 08, 2023 5:00:42 PM src.AggregationServer handleGetRequest
INFO: Response sent to Client immidiately

Oct 08, 2023 5:00:42 PM src.AggregationServer$ClientHandler run
INFO: New CS Connection. JSON Body:
{"id":"IDS60903","name":"Brisbane","state":"QLD","time_zone":"CST","lat":"80.7065069653211","lon":"-106.08916304481589","local_date_time":null,"local_date_time_full":"2023814671836","air_temp":"11.801310730735878","apparent_t":"16.50365020512088","cloud":"Partly cloudy","dewpt":"7.529431536285113","press":"1016.3339841089391","rel_hum":"3","wind_dir":"S","wind_spd_kmh":"16","wind_spd_kt":"1"}

Oct 08, 2023 5:00:42 PM src.AggregationServer handlePutRequest
INFO: Response sent to CS immidiately

Oct 08, 2023 5:00:42 PM src.AggregationServer$ClientHandler run
INFO: New CS Connection. JSON Body:
{"id":"IDS60903","name":"Brisbane","state":"QLD","time_zone":"CST","lat":"56.66561168678956","lon":"-126.06445277083635","local_date_time":null,"local_date_time_full":"202362634649","air_temp":"-6.567114374755825","apparent_t":"11.691564741372765","cloud":"Overcast","dewpt":"1.8528831569350679","press":"970.6225452846073","rel_hum":"57","wind_dir":"NE","wind_spd_kmh":"17","wind_spd_kt":"13"}

Oct 08, 2023 5:00:42 PM src.AggregationServer handlePutRequest
INFO: Response sent to CS immidiately

Oct 08, 2023 5:00:42 PM src.AggregationServer$ClientHandler run
INFO: New CS Connection. JSON Body:
{"id":"IDS60903","name":"Brisbane","state":"QLD","time_zone":"AEDT","lat":"72.23291339521586","lon":"-102.81441240923166","local_date_time":null,"local_date_time_full":"202379203352","air_temp":"20.05885771789414","apparent_t":"5.931311837031409","cloud":"Partly cloudy","dewpt":"13.706770397017465","press":"1080.2865753163508","rel_hum":"10","wind_dir":"E","wind_spd_kmh":"23","wind_spd_kt":"7"}

Oct 08, 2023 5:00:42 PM src.AggregationServer handlePutRequest
INFO: Response sent to CS immidiately

Oct 08, 2023 5:00:42 PM src.AggregationServer$ClientHandler run
INFO: New CS Connection. JSON Body:
{"id":"IDS60903","name":"Brisbane","state":"QLD","time_zone":"IST","lat":"36.34403714012956","lon":"150.7628989813137","local_date_time":null,"local_date_time_full":"202363281753","air_temp":"18.183563853364202","apparent_t":"12.889986956093587","cloud":"Mostly cloudy","dewpt":"26.90091237152292","press":"1080.9252608209763","rel_hum":"48","wind_dir":"N","wind_spd_kmh":"26","wind_spd_kt":"3"}

Oct 08, 2023 5:00:42 PM src.AggregationServer handlePutRequest
INFO: Response sent to CS immidiately

Oct 08, 2023 5:00:42 PM src.AggregationServer$ClientHandler run
INFO: New CS Connection. JSON Body:
{"id":"IDS60903","name":"Brisbane","state":"QLD","time_zone":"PST","lat":"-79.69467040758872","lon":"-110.3411422561756","local_date_time":null,"local_date_time_full":"20231246211655","air_temp":"33.09175009876893","apparent_t":"15.455858886396566","cloud":"Mostly cloudy","dewpt":"15.204769855137414","press":"1087.7774393965406","rel_hum":"29","wind_dir":"NW","wind_spd_kmh":"29","wind_spd_kt":"14"}

Oct 08, 2023 5:00:42 PM src.AggregationServer handlePutRequest
INFO: Response sent to CS immidiately

Oct 08, 2023 5:00:42 PM src.AggregationServer$ClientHandler run
INFO: New CS Connection. JSON Body:
{"id":"IDS60903","name":"Brisbane","state":"QLD","time_zone":"JST","lat":"-25.641340212974413","lon":"-143.92959047810507","local_date_time":null,"local_date_time_full":"20237772224830","air_temp":"19.915405884644226","apparent_t":"35.26867267806776","cloud":"Partly cloudy","dewpt":"28.01551845206876","press":"991.6047029988117","rel_hum":"28","wind_dir":"SE","wind_spd_kmh":"20","wind_spd_kt":"20"}

Oct 08, 2023 5:00:42 PM src.AggregationServer handlePutRequest
INFO: Response sent to CS immidiately

Oct 08, 2023 5:00:43 PM src.AggregationServer$ClientHandler run
INFO: New CS Connection. JSON Body:
{"id":"IDS60904","name":"Melbourne","state":"VIC","time_zone":"ECT","lat":"76.15253377417665","lon":"27.507330615008726","local_date_time":null,"local_date_time_full":"202393020167","air_temp":"31.402513595231603","apparent_t":"13.004783873030789","cloud":"Overcast","dewpt":"3.44584458319825","press":"1003.1352869450474","rel_hum":"75","wind_dir":"SW","wind_spd_kmh":"24","wind_spd_kt":"3"}

Oct 08, 2023 5:00:43 PM src.AggregationServer handlePutRequest
INFO: Response sent to CS immidiately

Oct 08, 2023 5:00:43 PM src.AggregationServer$ClientHandler run
INFO: New CS Connection. JSON Body:
{"id":"IDS60904","name":"Melbourne","state":"VIC","time_zone":"EST","lat":"-53.397681995295414","lon":"-101.44250006684192","local_date_time":null,"local_date_time_full":"2023844442017","air_temp":"-9.06588011391716","apparent_t":"37.185247676274265","cloud":"Clear","dewpt":"11.650982431891215","press":"977.1547867859528","rel_hum":"77","wind_dir":"NE","wind_spd_kmh":"29","wind_spd_kt":"12"}

Oct 08, 2023 5:00:43 PM src.AggregationServer handlePutRequest
INFO: Response sent to CS immidiately

Oct 08, 2023 5:00:43 PM src.AggregationServer$ClientHandler run
INFO: New CS Connection. JSON Body:
{"id":"IDS60904","name":"Melbourne","state":"VIC","time_zone":"GMT","lat":"44.36806177896011","lon":"7.348467934226704","local_date_time":null,"local_date_time_full":"2023752585358","air_temp":"-3.769856579533556","apparent_t":"27.731164850684593","cloud":"Mostly cloudy","dewpt":"-9.912547503270876","press":"935.9195089039619","rel_hum":"13","wind_dir":"W","wind_spd_kmh":"13","wind_spd_kt":"13"}

Oct 08, 2023 5:00:43 PM src.AggregationServer handlePutRequest
INFO: Response sent to CS immidiately

Oct 08, 2023 5:00:43 PM src.AggregationServer$ClientHandler run
INFO: New CS Connection. JSON Body:
{"id":"IDS60904","name":"Melbourne","state":"VIC","time_zone":"GMT","lat":"-28.376630149115236","lon":"30.34234040553946","local_date_time":null,"local_date_time_full":"20239788151956","air_temp":"12.977931651898299","apparent_t":"18.538797191862","cloud":"Overcast","dewpt":"-4.147914951842933","press":"1029.24979018801","rel_hum":"93","wind_dir":"S","wind_spd_kmh":"21","wind_spd_kt":"7"}

Oct 08, 2023 5:00:43 PM src.AggregationServer handlePutRequest
INFO: Response sent to CS immidiately

Oct 08, 2023 5:00:43 PM src.AggregationServer$ClientHandler run
INFO: New CS Connection. JSON Body:
{"id":"IDS60904","name":"Melbourne","state":"VIC","time_zone":"ECT","lat":"-75.03297564445197","lon":"107.93679864856898","local_date_time":null,"local_date_time_full":"2023890613034","air_temp":"27.815755303928377","apparent_t":"9.521093205419106","cloud":"Mostly cloudy","dewpt":"-0.5188757053764235","press":"1091.5199243604409","rel_hum":"24","wind_dir":"E","wind_spd_kmh":"11","wind_spd_kt":"12"}

Oct 08, 2023 5:00:43 PM src.AggregationServer handlePutRequest
INFO: Response sent to CS immidiately

Oct 08, 2023 5:00:43 PM src.AggregationServer$ClientHandler run
INFO: New CS Connection. JSON Body:
{"id":"IDS60904","name":"Melbourne","state":"VIC","time_zone":"JST","lat":"-88.16463829935773","lon":"15.029680361183608","local_date_time":null,"local_date_time_full":"2023157741335","air_temp":"15.374529911767947","apparent_t":"13.272134767617736","cloud":"Mostly cloudy","dewpt":"5.656729659688967","press":"1070.7120924264182","rel_hum":"85","wind_dir":"NE","wind_spd_kmh":"5","wind_spd_kt":"14"}

Oct 08, 2023 5:00:43 PM src.AggregationServer handlePutRequest
INFO: Response sent to CS immidiately

Oct 08, 2023 5:00:43 PM src.AggregationServer$ClientHandler run
INFO: New Client Connection. Requested City: IDS60901

Oct 08, 2023 5:00:43 PM src.AggregationServer handleGetRequest
INFO: Response sent to Client immidiately

Oct 08, 2023 5:00:43 PM src.AggregationServer$ClientHandler run
INFO: New Client Connection. Requested City: IDS60904

Oct 08, 2023 5:00:43 PM src.AggregationServer handleGetRequest
INFO: Response sent to Client immidiately

Oct 08, 2023 5:00:43 PM src.AggregationServer$ClientHandler run
INFO: New Client Connection. Requested City: IDS60901

Oct 08, 2023 5:00:43 PM src.AggregationServer handleGetRequest
INFO: Response sent to Client immidiately

Oct 08, 2023 5:00:43 PM src.AggregationServer$ClientHandler run
INFO: New Client Connection. Requested City: IDS60910

Oct 08, 2023 5:00:43 PM src.AggregationServer handleGetRequest
INFO: Response sent to Client immidiately

Oct 08, 2023 5:00:43 PM src.AggregationServer$ClientHandler run
INFO: New Client Connection. Requested City: IDS60906

Oct 08, 2023 5:00:43 PM src.AggregationServer handleGetRequest
INFO: Response sent to Client immidiately

Oct 08, 2023 5:00:43 PM src.AggregationServer$ClientHandler run
INFO: New Client Connection. Requested City: IDS60909

Oct 08, 2023 5:00:43 PM src.AggregationServer handleGetRequest
INFO: Response sent to Client immidiately

Oct 08, 2023 5:00:44 PM src.AggregationServer$ClientHandler run
INFO: New CS Connection. JSON Body:
{"id":"IDS60905","name":"Perth","state":"WA","time_zone":"PST","lat":"-88.41083884468874","lon":"109.23845704621016","local_date_time":null,"local_date_time_full":"20236740222644","air_temp":"13.25448192896868","apparent_t":"29.675854057645815","cloud":"Overcast","dewpt":"-0.7752252507528556","press":"981.9704629152044","rel_hum":"6","wind_dir":"W","wind_spd_kmh":"15","wind_spd_kt":"20"}

Oct 08, 2023 5:00:44 PM src.AggregationServer handlePutRequest
INFO: Response sent to CS immidiately

Oct 08, 2023 5:00:44 PM src.AggregationServer$ClientHandler run
INFO: New CS Connection. JSON Body:
{"id":"IDS60905","name":"Perth","state":"WA","time_zone":"IST","lat":"85.97402411636","lon":"55.76751209672241","local_date_time":null,"local_date_time_full":"20237603124850","air_temp":"27.01306410114691","apparent_t":"36.03624761567664","cloud":"Mostly cloudy","dewpt":"7.755034634040207","press":"1011.991955399806","rel_hum":"11","wind_dir":"N","wind_spd_kmh":"25","wind_spd_kt":"9"}

Oct 08, 2023 5:00:44 PM src.AggregationServer handlePutRequest
INFO: Response sent to CS immidiately

Oct 08, 2023 5:00:44 PM src.AggregationServer$ClientHandler run
INFO: New CS Connection. JSON Body:
{"id":"IDS60905","name":"Perth","state":"WA","time_zone":"JST","lat":"79.58322285319295","lon":"-133.9286984082374","local_date_time":null,"local_date_time_full":"202312795102331","air_temp":"6.956546907836355","apparent_t":"22.83960453784494","cloud":"Clear","dewpt":"4.159329115894188","press":"913.7143465260277","rel_hum":"5","wind_dir":"SE","wind_spd_kmh":"19","wind_spd_kt":"2"}

Oct 08, 2023 5:00:44 PM src.AggregationServer handlePutRequest
INFO: Response sent to CS immidiately

Oct 08, 2023 5:00:44 PM src.AggregationServer$ClientHandler run
INFO: New CS Connection. JSON Body:
{"id":"IDS60905","name":"Perth","state":"WA","time_zone":"PST","lat":"44.583746176860274","lon":"98.153342204755","local_date_time":null,"local_date_time_full":"2023676702727","air_temp":"10.701324490768219","apparent_t":"-6.902251607644729","cloud":"Clear","dewpt":"22.76223921617965","press":"1052.1291425594973","rel_hum":"94","wind_dir":"SE","wind_spd_kmh":"16","wind_spd_kt":"10"}

Oct 08, 2023 5:00:44 PM src.AggregationServer handlePutRequest
INFO: Response sent to CS immidiately

Oct 08, 2023 5:00:44 PM src.AggregationServer$ClientHandler run
INFO: New CS Connection. JSON Body:
{"id":"IDS60905","name":"Perth","state":"WA","time_zone":"IST","lat":"58.27771976048322","lon":"-162.9839745506939","local_date_time":null,"local_date_time_full":"20231311125226","air_temp":"7.450304965697015","apparent_t":"-4.328879076884964","cloud":"Clear","dewpt":"19.080910946364202","press":"913.1859955308753","rel_hum":"94","wind_dir":"S","wind_spd_kmh":"29","wind_spd_kt":"20"}

Oct 08, 2023 5:00:44 PM src.AggregationServer handlePutRequest
INFO: Response sent to CS immidiately

Oct 08, 2023 5:00:44 PM src.AggregationServer$ClientHandler run
INFO: New CS Connection. JSON Body:
{"id":"IDS60905","name":"Perth","state":"WA","time_zone":"GMT","lat":"-1.755307223531787","lon":"35.87339356772037","local_date_time":null,"local_date_time_full":"20238476101145","air_temp":"12.371146841234047","apparent_t":"33.47281750982357","cloud":"Mostly cloudy","dewpt":"7.24329570163011","press":"954.6317990332207","rel_hum":"18","wind_dir":"E","wind_spd_kmh":"29","wind_spd_kt":"16"}

Oct 08, 2023 5:00:44 PM src.AggregationServer handlePutRequest
INFO: Response sent to CS immidiately

Oct 08, 2023 5:00:44 PM src.AggregationServer$ClientHandler run
INFO: New Client Connection. Requested City: IDS60904

Oct 08, 2023 5:00:44 PM src.AggregationServer handleGetRequest
INFO: Response sent to Client immidiately

Oct 08, 2023 5:00:44 PM src.AggregationServer$ClientHandler run
INFO: New Client Connection. Requested City: IDS60903

Oct 08, 2023 5:00:44 PM src.AggregationServer handleGetRequest
INFO: Response sent to Client immidiately

Oct 08, 2023 5:00:44 PM src.AggregationServer$ClientHandler run
INFO: New Client Connection. Requested City: IDS60906

Oct 08, 2023 5:00:44 PM src.AggregationServer handleGetRequest
INFO: Response sent to Client immidiately

Oct 08, 2023 5:00:44 PM src.AggregationServer$ClientHandler run
INFO: New Client Connection. Requested City: IDS60901

Oct 08, 2023 5:00:44 PM src.AggregationServer handleGetRequest
INFO: Response sent to Client immidiately

Oct 08, 2023 5:00:44 PM src.AggregationServer$ClientHandler run
INFO: New Client Connection. Requested City: IDS60909

Oct 08, 2023 5:00:44 PM src.AggregationServer handleGetRequest
INFO: Response sent to Client immidiately

Oct 08, 2023 5:00:44 PM src.AggregationServer$ClientHandler run
INFO: New Client Connection. Requested City: IDS60901

Oct 08, 2023 5:00:44 PM src.AggregationServer handleGetRequest
INFO: Response sent to Client immidiately

Oct 08, 2023 5:00:45 PM src.AggregationServer$ClientHandler run
INFO: New CS Connection. JSON Body:
{"id":"IDS60906","name":"Mount Gambier","state":"SA","time_zone":"PST","lat":"12.091642232304068","lon":"170.7845620659308","local_date_time":null,"local_date_time_full":"2023186816281","air_temp":"-7.17235713402903","apparent_t":"-8.38217781900665","cloud":"Mostly cloudy","dewpt":"0.5473511415654855","press":"1029.4665033707604","rel_hum":"58","wind_dir":"NW","wind_spd_kmh":"30","wind_spd_kt":"0"}

Oct 08, 2023 5:00:45 PM src.AggregationServer handlePutRequest
INFO: Response sent to CS immidiately

Oct 08, 2023 5:00:45 PM src.AggregationServer$ClientHandler run
INFO: New CS Connection. JSON Body:
{"id":"IDS60906","name":"Mount Gambier","state":"SA","time_zone":"EST","lat":"-73.37085548566034","lon":"105.86039648947298","local_date_time":null,"local_date_time_full":"20238904142542","air_temp":"-2.1244013245478","apparent_t":"4.455160637109083","cloud":"Partly cloudy","dewpt":"27.43891978435653","press":"1013.4066157019389","rel_hum":"98","wind_dir":"E","wind_spd_kmh":"2","wind_spd_kt":"10"}

Oct 08, 2023 5:00:45 PM src.AggregationServer handlePutRequest
INFO: Response sent to CS immidiately

Oct 08, 2023 5:00:45 PM src.AggregationServer$ClientHandler run
INFO: New CS Connection. JSON Body:
{"id":"IDS60906","name":"Mount Gambier","state":"SA","time_zone":"JST","lat":"46.641833178030595","lon":"93.6699645631486","local_date_time":null,"local_date_time_full":"2023312253216","air_temp":"36.43194096602248","apparent_t":"33.86305263360126","cloud":"Clear","dewpt":"0.34343979171459793","press":"1052.7056377293854","rel_hum":"40","wind_dir":"S","wind_spd_kmh":"22","wind_spd_kt":"4"}

Oct 08, 2023 5:00:45 PM src.AggregationServer handlePutRequest
INFO: Response sent to CS immidiately

Oct 08, 2023 5:00:45 PM src.AggregationServer$ClientHandler run
INFO: New CS Connection. JSON Body:
{"id":"IDS60906","name":"Mount Gambier","state":"SA","time_zone":"IST","lat":"66.88172503507269","lon":"-130.42440833682957","local_date_time":null,"local_date_time_full":"2023112277617","air_temp":"31.62770863611476","apparent_t":"22.859782068277802","cloud":"Mostly cloudy","dewpt":"16.37626075080786","press":"1077.2787199762108","rel_hum":"28","wind_dir":"N","wind_spd_kmh":"29","wind_spd_kt":"20"}

Oct 08, 2023 5:00:45 PM src.AggregationServer handlePutRequest
INFO: Response sent to CS immidiately

Oct 08, 2023 5:00:45 PM src.AggregationServer$ClientHandler run
INFO: New CS Connection. JSON Body:
{"id":"IDS60906","name":"Mount Gambier","state":"SA","time_zone":"AEDT","lat":"-27.823048932285083","lon":"133.50107490187133","local_date_time":null,"local_date_time_full":"202311720152521","air_temp":"-0.03816339661650581","apparent_t":"31.531190561265227","cloud":"Clear","dewpt":"19.42413847284536","press":"991.3812196030656","rel_hum":"54","wind_dir":"E","wind_spd_kmh":"30","wind_spd_kt":"8"}

Oct 08, 2023 5:00:45 PM src.AggregationServer handlePutRequest
INFO: Response sent to CS immidiately

Oct 08, 2023 5:00:45 PM src.AggregationServer$ClientHandler run
INFO: New CS Connection. JSON Body:
{"id":"IDS60906","name":"Mount Gambier","state":"SA","time_zone":"EST","lat":"-45.29819607022167","lon":"-64.12566072579207","local_date_time":null,"local_date_time_full":"2023984210353","air_temp":"18.89236851723631","apparent_t":"23.8278942594387","cloud":"Mostly cloudy","dewpt":"20.494793121336976","press":"1097.1373445281342","rel_hum":"64","wind_dir":"SE","wind_spd_kmh":"17","wind_spd_kt":"3"}

Oct 08, 2023 5:00:45 PM src.AggregationServer handlePutRequest
INFO: Response sent to CS immidiately

Oct 08, 2023 5:00:45 PM src.AggregationServer$ClientHandler run
INFO: New Client Connection. Requested City: IDS60904

Oct 08, 2023 5:00:45 PM src.AggregationServer handleGetRequest
INFO: Response sent to Client immidiately

Oct 08, 2023 5:00:45 PM src.AggregationServer$ClientHandler run
INFO: New Client Connection. Requested City: IDS60901

Oct 08, 2023 5:00:45 PM src.AggregationServer handleGetRequest
INFO: Response sent to Client immidiately

Oct 08, 2023 5:00:45 PM src.AggregationServer$ClientHandler run
INFO: New Client Connection. Requested City: IDS60903

Oct 08, 2023 5:00:45 PM src.AggregationServer handleGetRequest
INFO: Response sent to Client immidiately

Oct 08, 2023 5:00:45 PM src.AggregationServer$ClientHandler run
INFO: New Client Connection. Requested City: IDS60906

Oct 08, 2023 5:00:45 PM src.AggregationServer handleGetRequest
INFO: Response sent to Client immidiately

Oct 08, 2023 5:00:45 PM src.AggregationServer$ClientHandler run
INFO: New Client Connection. Requested City: IDS60901

Oct 08, 2023 5:00:45 PM src.AggregationServer$ClientHandler run
INFO: New Client Connection. Requested City: IDS60901

Oct 08, 2023 5:00:45 PM src.AggregationServer handleGetRequest
INFO: Response sent to Client immidiately

Oct 08, 2023 5:00:45 PM src.AggregationServer$RequestProcessor processGetRequest
INFO: Response sent to Client after queueing

Oct 08, 2023 5:00:46 PM src.AggregationServer$ClientHandler run
INFO: New CS Connection. JSON Body:
{"id":"IDS60907","name":"Newcastle","state":"NSW","time_zone":"AEDT","lat":"20.625289185168697","lon":"-100.66207361545","local_date_time":null,"local_date_time_full":"20238379115954","air_temp":"3.321219779187283","apparent_t":"37.864209483335344","cloud":"Partly cloudy","dewpt":"25.118653356101632","press":"973.8094153415385","rel_hum":"90","wind_dir":"N","wind_spd_kmh":"23","wind_spd_kt":"16"}

Oct 08, 2023 5:00:46 PM src.AggregationServer handlePutRequest
INFO: Response sent to CS immidiately

Oct 08, 2023 5:00:46 PM src.AggregationServer$ClientHandler run
INFO: New CS Connection. JSON Body:
{"id":"IDS60907","name":"Newcastle","state":"NSW","time_zone":"GMT","lat":"68.49919869001704","lon":"-101.44554492755272","local_date_time":null,"local_date_time_full":"20238409224917","air_temp":"33.23522568540385","apparent_t":"34.415637162166696","cloud":"Partly cloudy","dewpt":"20.20054234344","press":"962.2762147630791","rel_hum":"54","wind_dir":"NE","wind_spd_kmh":"4","wind_spd_kt":"18"}

Oct 08, 2023 5:00:46 PM src.AggregationServer handlePutRequest
INFO: Response sent to CS immidiately

Oct 08, 2023 5:00:46 PM src.AggregationServer$ClientHandler run
INFO: New CS Connection. JSON Body:
{"id":"IDS60907","name":"Newcastle","state":"NSW","time_zone":"AEDT","lat":"-37.86250262927199","lon":"166.72914184722094","local_date_time":null,"local_date_time_full":"20233977105736","air_temp":"16.656510662536466","apparent_t":"-1.0639125116616537","cloud":"Overcast","dewpt":"21.27174466151018","press":"1084.8844038996895","rel_hum":"40","wind_dir":"SW","wind_spd_kmh":"14","wind_spd_kt":"1"}

Oct 08, 2023 5:00:46 PM src.AggregationServer handlePutRequest
INFO: Response sent to CS immidiately

Oct 08, 2023 5:00:46 PM src.AggregationServer$ClientHandler run
INFO: New CS Connection. JSON Body:
{"id":"IDS60907","name":"Newcastle","state":"NSW","time_zone":"IST","lat":"-71.99790222759225","lon":"-4.099140428619336","local_date_time":null,"local_date_time_full":"2023728618123","air_temp":"32.43652787745453","apparent_t":"-6.083827277636252","cloud":"Partly cloudy","dewpt":"16.059092369521576","press":"927.1432977426173","rel_hum":"79","wind_dir":"E","wind_spd_kmh":"1","wind_spd_kt":"0"}

Oct 08, 2023 5:00:46 PM src.AggregationServer handlePutRequest
INFO: Response sent to CS immidiately

Oct 08, 2023 5:00:46 PM src.AggregationServer$ClientHandler run
INFO: New CS Connection. JSON Body:
{"id":"IDS60907","name":"Newcastle","state":"NSW","time_zone":"JST","lat":"65.90023232729698","lon":"-151.97975160746358","local_date_time":null,"local_date_time_full":"20233843155329","air_temp":"-9.421770160752459","apparent_t":"-0.5751670853114312","cloud":"Clear","dewpt":"28.00453547907746","press":"954.4538437382126","rel_hum":"21","wind_dir":"W","wind_spd_kmh":"19","wind_spd_kt":"4"}

Oct 08, 2023 5:00:46 PM src.AggregationServer handlePutRequest
INFO: Response sent to CS immidiately

Oct 08, 2023 5:00:46 PM src.AggregationServer$ClientHandler run
INFO: New CS Connection. JSON Body:
{"id":"IDS60907","name":"Newcastle","state":"NSW","time_zone":"JST","lat":"-28.917004200755812","lon":"5.7888803879965","local_date_time":null,"local_date_time_full":"202312601101514","air_temp":"-4.473135197523833","apparent_t":"5.898855766810705","cloud":"Clear","dewpt":"21.739329002392054","press":"1068.089074428689","rel_hum":"83","wind_dir":"E","wind_spd_kmh":"13","wind_spd_kt":"13"}

Oct 08, 2023 5:00:46 PM src.AggregationServer handlePutRequest
INFO: Response sent to CS immidiately

Oct 08, 2023 5:00:46 PM src.AggregationServer$ClientHandler run
INFO: New Client Connection. Requested City: IDS60901

Oct 08, 2023 5:00:46 PM src.AggregationServer handleGetRequest
INFO: Response sent to Client immidiately

Oct 08, 2023 5:00:46 PM src.AggregationServer$ClientHandler run
INFO: New Client Connection. Requested City: IDS60906

Oct 08, 2023 5:00:46 PM src.AggregationServer handleGetRequest
INFO: Response sent to Client immidiately

Oct 08, 2023 5:00:46 PM src.AggregationServer$ClientHandler run
INFO: New Client Connection. Requested City: IDS60906

Oct 08, 2023 5:00:46 PM src.AggregationServer handleGetRequest
INFO: Response sent to Client immidiately

Oct 08, 2023 5:00:46 PM src.AggregationServer$ClientHandler run
INFO: New Client Connection. Requested City: IDS60903

Oct 08, 2023 5:00:46 PM src.AggregationServer handleGetRequest
INFO: Response sent to Client immidiately

Oct 08, 2023 5:00:46 PM src.AggregationServer$ClientHandler run
INFO: New Client Connection. Requested City: IDS60906

Oct 08, 2023 5:00:46 PM src.AggregationServer$RequestProcessor processGetRequest
INFO: Response sent to Client after queueing

Oct 08, 2023 5:00:46 PM src.AggregationServer$ClientHandler run
INFO: New Client Connection. Requested City: IDS60901

Oct 08, 2023 5:00:46 PM src.AggregationServer handleGetRequest
INFO: Response sent to Client immidiately

Oct 08, 2023 5:00:47 PM src.AggregationServer$ClientHandler run
INFO: New CS Connection. JSON Body:
{"id":"IDS60908","name":"Gold Coast","state":"QLD","time_zone":"JST","lat":"52.616204876693104","lon":"-82.95540222844775","local_date_time":null,"local_date_time_full":"20237110141623","air_temp":"27.708316396766598","apparent_t":"18.42226330084432","cloud":"Partly cloudy","dewpt":"15.182491998252967","press":"941.666131274235","rel_hum":"36","wind_dir":"SE","wind_spd_kmh":"25","wind_spd_kt":"4"}

Oct 08, 2023 5:00:47 PM src.AggregationServer handlePutRequest
INFO: Response sent to CS immidiately

Oct 08, 2023 5:00:47 PM src.AggregationServer$ClientHandler run
INFO: New CS Connection. JSON Body:
{"id":"IDS60908","name":"Gold Coast","state":"QLD","time_zone":"IST","lat":"-57.058990170691516","lon":"-75.59568899152156","local_date_time":null,"local_date_time_full":"2023771944821","air_temp":"30.262285174126575","apparent_t":"35.189250489873345","cloud":"Partly cloudy","dewpt":"22.70726562523759","press":"917.4002663313689","rel_hum":"43","wind_dir":"W","wind_spd_kmh":"23","wind_spd_kt":"19"}

Oct 08, 2023 5:00:47 PM src.AggregationServer handlePutRequest
INFO: Response sent to CS immidiately

Oct 08, 2023 5:00:47 PM src.AggregationServer$ClientHandler run
INFO: New CS Connection. JSON Body:
{"id":"IDS60908","name":"Gold Coast","state":"QLD","time_zone":"ECT","lat":"30.497282304603402","lon":"-66.76883461110974","local_date_time":null,"local_date_time_full":"2023228801249","air_temp":"24.273639826140872","apparent_t":"18.893154208613563","cloud":"Partly cloudy","dewpt":"13.842857894883437","press":"1015.3398982009926","rel_hum":"25","wind_dir":"E","wind_spd_kmh":"4","wind_spd_kt":"11"}

Oct 08, 2023 5:00:47 PM src.AggregationServer handlePutRequest
INFO: Response sent to CS immidiately

Oct 08, 2023 5:00:47 PM src.AggregationServer$ClientHandler run
INFO: New CS Connection. JSON Body:
{"id":"IDS60908","name":"Gold Coast","state":"QLD","time_zone":"IST","lat":"-44.54983950363557","lon":"26.725655557351303","local_date_time":null,"local_date_time_full":"20231095304840","air_temp":"-7.102654869704019","apparent_t":"3.5964696566440892","cloud":"Mostly cloudy","dewpt":"2.516543018865942","press":"1061.090940316291","rel_hum":"98","wind_dir":"N","wind_spd_kmh":"29","wind_spd_kt":"9"}

Oct 08, 2023 5:00:47 PM src.AggregationServer handlePutRequest
INFO: Response sent to CS immidiately

Oct 08, 2023 5:00:47 PM src.AggregationServer$ClientHandler run
INFO: New CS Connection. JSON Body:
{"id":"IDS60908","name":"Gold Coast","state":"QLD","time_zone":"GMT","lat":"-45.119213300897265","lon":"8.985561662831998","local_date_time":null,"local_date_time_full":"202311218151157","air_temp":"9.636264857911236","apparent_t":"16.716028626772502","cloud":"Overcast","dewpt":"11.879841575895995","press":"966.0826342721076","rel_hum":"95","wind_dir":"NW","wind_spd_kmh":"30","wind_spd_kt":"14"}

Oct 08, 2023 5:00:47 PM src.AggregationServer handlePutRequest
INFO: Response sent to CS immidiately

Oct 08, 2023 5:00:47 PM src.AggregationServer$ClientHandler run
INFO: New CS Connection. JSON Body:
{"id":"IDS60908","name":"Gold Coast","state":"QLD","time_zone":"CST","lat":"-50.884519734109745","lon":"-104.3242121307855","local_date_time":null,"local_date_time_full":"2023548716132","air_temp":"20.013101870103455","apparent_t":"12.779760514673349","cloud":"Clear","dewpt":"11.691943684273575","press":"988.1737453881508","rel_hum":"42","wind_dir":"SW","wind_spd_kmh":"15","wind_spd_kt":"16"}

Oct 08, 2023 5:00:47 PM src.AggregationServer handlePutRequest
INFO: Response sent to CS immidiately

Oct 08, 2023 5:00:47 PM src.AggregationServer$ClientHandler run
INFO: New Client Connection. Requested City: IDS60910

Oct 08, 2023 5:00:47 PM src.AggregationServer handleGetRequest
INFO: Response sent to Client immidiately

Oct 08, 2023 5:00:47 PM src.AggregationServer$ClientHandler run
INFO: New Client Connection. Requested City: IDS60902

Oct 08, 2023 5:00:47 PM src.AggregationServer handleGetRequest
INFO: Response sent to Client immidiately

Oct 08, 2023 5:00:47 PM src.AggregationServer$ClientHandler run
INFO: New Client Connection. Requested City: IDS60907

Oct 08, 2023 5:00:47 PM src.AggregationServer handleGetRequest
INFO: Response sent to Client immidiately

Oct 08, 2023 5:00:47 PM src.AggregationServer$ClientHandler run
INFO: New Client Connection. Requested City: IDS60903

Oct 08, 2023 5:00:47 PM src.AggregationServer handleGetRequest
INFO: Response sent to Client immidiately

Oct 08, 2023 5:00:47 PM src.AggregationServer$ClientHandler run
INFO: New Client Connection. Requested City: IDS60908

Oct 08, 2023 5:00:47 PM src.AggregationServer$RequestProcessor processGetRequest
INFO: Response sent to Client after queueing

Oct 08, 2023 5:00:47 PM src.AggregationServer$ClientHandler run
INFO: New Client Connection. Requested City: IDS60901

Oct 08, 2023 5:00:47 PM src.AggregationServer$RequestProcessor processGetRequest
INFO: Response sent to Client after queueing

Oct 08, 2023 5:00:48 PM src.AggregationServer$ClientHandler run
INFO: New CS Connection. JSON Body:
{"id":"IDS60909","name":"Geelong","state":"VIC","time_zone":"EST","lat":"24.09423451668492","lon":"-119.43901904693485","local_date_time":null,"local_date_time_full":"20239176165836","air_temp":"36.1005796169333","apparent_t":"17.959462901875696","cloud":"Overcast","dewpt":"-6.112768411593086","press":"1020.3652936932024","rel_hum":"52","wind_dir":"NW","wind_spd_kmh":"19","wind_spd_kt":"14"}

Oct 08, 2023 5:00:48 PM src.AggregationServer handlePutRequest
INFO: Response sent to CS immidiately

Oct 08, 2023 5:00:48 PM src.AggregationServer$ClientHandler run
INFO: New CS Connection. JSON Body:
{"id":"IDS60909","name":"Geelong","state":"VIC","time_zone":"CST","lat":"25.206562521811918","lon":"156.71679656649064","local_date_time":null,"local_date_time_full":"20236648122140","air_temp":"31.44343731152852","apparent_t":"25.736505443860814","cloud":"Clear","dewpt":"24.484475421755008","press":"1003.1736304301867","rel_hum":"30","wind_dir":"NE","wind_spd_kmh":"3","wind_spd_kt":"0"}

Oct 08, 2023 5:00:48 PM src.AggregationServer handlePutRequest
INFO: Response sent to CS immidiately

Oct 08, 2023 5:00:48 PM src.AggregationServer$ClientHandler run
INFO: New CS Connection. JSON Body:
{"id":"IDS60909","name":"Geelong","state":"VIC","time_zone":"GMT","lat":"81.49773169477649","lon":"-9.710241452958797","local_date_time":null,"local_date_time_full":"202338277546","air_temp":"35.76103438942237","apparent_t":"38.47574447081098","cloud":"Partly cloudy","dewpt":"10.134693981771932","press":"1070.7365272051738","rel_hum":"54","wind_dir":"N","wind_spd_kmh":"6","wind_spd_kt":"6"}

Oct 08, 2023 5:00:48 PM src.AggregationServer handlePutRequest
INFO: Response sent to CS immidiately

Oct 08, 2023 5:00:48 PM src.AggregationServer$ClientHandler run
INFO: New CS Connection. JSON Body:
{"id":"IDS60909","name":"Geelong","state":"VIC","time_zone":"JST","lat":"76.58022143317274","lon":"-26.608591546814296","local_date_time":null,"local_date_time_full":"20239338193724","air_temp":"36.50075370527697","apparent_t":"38.73320076430015","cloud":"Clear","dewpt":"-9.94243363529382","press":"1057.841495550469","rel_hum":"37","wind_dir":"SW","wind_spd_kmh":"28","wind_spd_kt":"20"}

Oct 08, 2023 5:00:48 PM src.AggregationServer handlePutRequest
INFO: Response sent to CS immidiately

Oct 08, 2023 5:00:48 PM src.AggregationServer$ClientHandler run
INFO: New CS Connection. JSON Body:
{"id":"IDS60909","name":"Geelong","state":"VIC","time_zone":"PST","lat":"50.531891753204974","lon":"39.97097742066799","local_date_time":null,"local_date_time_full":"20238848183253","air_temp":"38.15525839882025","apparent_t":"36.428898845176505","cloud":"Mostly cloudy","dewpt":"-7.463910768897883","press":"979.4220624491435","rel_hum":"4","wind_dir":"SW","wind_spd_kmh":"13","wind_spd_kt":"15"}

Oct 08, 2023 5:00:48 PM src.AggregationServer handlePutRequest
INFO: Response sent to CS immidiately

Oct 08, 2023 5:00:48 PM src.AggregationServer$ClientHandler run
INFO: New CS Connection. JSON Body:
{"id":"IDS60909","name":"Geelong","state":"VIC","time_zone":"CST","lat":"-68.43499376711127","lon":"162.46317545202743","local_date_time":null,"local_date_time_full":"2023645563116","air_temp":"-5.284819155830647","apparent_t":"9.076718351787296","cloud":"Partly cloudy","dewpt":"17.479089696510837","press":"992.53838782958","rel_hum":"7","wind_dir":"NE","wind_spd_kmh":"22","wind_spd_kt":"17"}

Oct 08, 2023 5:00:48 PM src.AggregationServer handlePutRequest
INFO: Response sent to CS immidiately

Oct 08, 2023 5:00:48 PM src.AggregationServer$ClientHandler run
INFO: New Client Connection. Requested City: IDS60902

Oct 08, 2023 5:00:48 PM src.AggregationServer handleGetRequest
INFO: Response sent to Client immidiately

Oct 08, 2023 5:00:48 PM src.AggregationServer$ClientHandler run
INFO: New Client Connection. Requested City: IDS60910

Oct 08, 2023 5:00:48 PM src.AggregationServer handleGetRequest
INFO: Response sent to Client immidiately

Oct 08, 2023 5:00:48 PM src.AggregationServer$ClientHandler run
INFO: New Client Connection. Requested City: IDS60907

Oct 08, 2023 5:00:48 PM src.AggregationServer handleGetRequest
INFO: Response sent to Client immidiately

Oct 08, 2023 5:00:48 PM src.AggregationServer$ClientHandler run
INFO: New Client Connection. Requested City: IDS60904

Oct 08, 2023 5:00:48 PM src.AggregationServer handleGetRequest
INFO: Response sent to Client immidiately

Oct 08, 2023 5:00:48 PM src.AggregationServer$ClientHandler run
INFO: New Client Connection. Requested City: IDS60905

Oct 08, 2023 5:00:48 PM src.AggregationServer handleGetRequest
INFO: Response sent to Client immidiately

Oct 08, 2023 5:00:48 PM src.AggregationServer$ClientHandler run
INFO: New Client Connection. Requested City: IDS60909

Oct 08, 2023 5:00:48 PM src.AggregationServer handleGetRequest
INFO: Response sent to Client immidiately

Oct 08, 2023 5:00:49 PM src.AggregationServer$ClientHandler run
INFO: New CS Connection. JSON Body:
{"id":"IDS60910","name":"Fremantle","state":"WA","time_zone":"PST","lat":"-68.1023970709426","lon":"109.12002708201283","local_date_time":null,"local_date_time_full":"20232479225749","air_temp":"12.334091863756889","apparent_t":"4.0921888345588044","cloud":"Clear","dewpt":"6.153314464255377","press":"1005.0453533003903","rel_hum":"83","wind_dir":"SE","wind_spd_kmh":"5","wind_spd_kt":"3"}

Oct 08, 2023 5:00:49 PM src.AggregationServer handlePutRequest
INFO: Response sent to CS immidiately

Oct 08, 2023 5:00:49 PM src.AggregationServer$ClientHandler run
INFO: New CS Connection. JSON Body:
{"id":"IDS60910","name":"Fremantle","state":"WA","time_zone":"JST","lat":"-70.04036169704747","lon":"52.598885259503845","local_date_time":null,"local_date_time_full":"20232363105629","air_temp":"22.42104590062955","apparent_t":"23.547555352869942","cloud":"Partly cloudy","dewpt":"20.85730210949718","press":"945.4961222076364","rel_hum":"88","wind_dir":"NE","wind_spd_kmh":"26","wind_spd_kt":"9"}

Oct 08, 2023 5:00:49 PM src.AggregationServer handlePutRequest
INFO: Response sent to CS immidiately

Oct 08, 2023 5:00:49 PM src.AggregationServer$ClientHandler run
INFO: New CS Connection. JSON Body:
{"id":"IDS60910","name":"Fremantle","state":"WA","time_zone":"AEDT","lat":"-39.498345156030524","lon":"103.8211167247045","local_date_time":null,"local_date_time_full":"2023185961825","air_temp":"21.049614437684415","apparent_t":"37.57874998361677","cloud":"Mostly cloudy","dewpt":"-2.737845734334452","press":"1040.5216694901183","rel_hum":"79","wind_dir":"NE","wind_spd_kmh":"18","wind_spd_kt":"6"}

Oct 08, 2023 5:00:49 PM src.AggregationServer handlePutRequest
INFO: Response sent to CS immidiately

Oct 08, 2023 5:00:49 PM src.AggregationServer$ClientHandler run
INFO: New CS Connection. JSON Body:
{"id":"IDS60910","name":"Fremantle","state":"WA","time_zone":"AEDT","lat":"43.90909426519781","lon":"-112.66451040293147","local_date_time":null,"local_date_time_full":"2023861295729","air_temp":"14.523185908303862","apparent_t":"5.231641199770257","cloud":"Partly cloudy","dewpt":"-2.232586841576092","press":"985.1816461541623","rel_hum":"92","wind_dir":"SE","wind_spd_kmh":"4","wind_spd_kt":"11"}

Oct 08, 2023 5:00:49 PM src.AggregationServer handlePutRequest
INFO: Response sent to CS immidiately

Oct 08, 2023 5:00:49 PM src.AggregationServer$ClientHandler run
INFO: New CS Connection. JSON Body:
{"id":"IDS60910","name":"Fremantle","state":"WA","time_zone":"JST","lat":"-28.452371414317305","lon":"50.27540310066121","local_date_time":null,"local_date_time_full":"2023947964530","air_temp":"8.378401587605492","apparent_t":"36.78537278847106","cloud":"Overcast","dewpt":"28.073409325310564","press":"1050.372419934225","rel_hum":"35","wind_dir":"N","wind_spd_kmh":"17","wind_spd_kt":"0"}

Oct 08, 2023 5:00:49 PM src.AggregationServer handlePutRequest
INFO: Response sent to CS immidiately

Oct 08, 2023 5:00:49 PM src.AggregationServer$ClientHandler run
INFO: New CS Connection. JSON Body:
{"id":"IDS60910","name":"Fremantle","state":"WA","time_zone":"CST","lat":"59.799813551942805","lon":"-16.63857129819135","local_date_time":null,"local_date_time_full":"2023910313852","air_temp":"11.181848300378881","apparent_t":"37.555566853293065","cloud":"Partly cloudy","dewpt":"24.137933285334768","press":"946.5422754402528","rel_hum":"74","wind_dir":"E","wind_spd_kmh":"30","wind_spd_kt":"9"}

Oct 08, 2023 5:00:49 PM src.AggregationServer handlePutRequest
INFO: Response sent to CS immidiately

Oct 08, 2023 5:00:49 PM src.AggregationServer$ClientHandler run
INFO: New Client Connection. Requested City: IDS60903

Oct 08, 2023 5:00:49 PM src.AggregationServer handleGetRequest
INFO: Response sent to Client immidiately

Oct 08, 2023 5:00:49 PM src.AggregationServer$ClientHandler run
INFO: New Client Connection. Requested City: IDS60905

Oct 08, 2023 5:00:49 PM src.AggregationServer handleGetRequest
INFO: Response sent to Client immidiately

Oct 08, 2023 5:00:49 PM src.AggregationServer$ClientHandler run
INFO: New Client Connection. Requested City: IDS60905

Oct 08, 2023 5:00:49 PM src.AggregationServer handleGetRequest
INFO: Response sent to Client immidiately

Oct 08, 2023 5:00:49 PM src.AggregationServer$ClientHandler run
INFO: New Client Connection. Requested City: IDS60906

Oct 08, 2023 5:00:49 PM src.AggregationServer handleGetRequest
INFO: Response sent to Client immidiately

Oct 08, 2023 5:00:49 PM src.AggregationServer$ClientHandler run
INFO: New Client Connection. Requested City: IDS60901

Oct 08, 2023 5:00:49 PM src.AggregationServer handleGetRequest
INFO: Response sent to Client immidiately

Oct 08, 2023 5:00:49 PM src.AggregationServer$ClientHandler run
INFO: New Client Connection. Requested City: IDS60902

Oct 08, 2023 5:00:49 PM src.AggregationServer handleGetRequest
INFO: Response sent to Client immidiately

Oct 08, 2023 5:00:50 PM src.AggregationServer$ClientHandler run
INFO: New CS Connection. JSON Body:
{"id":"IDS60901","name":"Adelaide","state":"SA","time_zone":"CST","lat":"-88.52263908392395","lon":"-56.68158560257095","local_date_time":null,"local_date_time_full":"202337980611","air_temp":"2.274655965231352","apparent_t":"36.94149633901169","cloud":"Partly cloudy","dewpt":"2.215240042902966","press":"1066.14988792099","rel_hum":"38","wind_dir":"NE","wind_spd_kmh":"14","wind_spd_kt":"10"}

Oct 08, 2023 5:00:50 PM src.AggregationServer handlePutRequest
INFO: Response sent to CS immidiately

Oct 08, 2023 5:00:50 PM src.AggregationServer$ClientHandler run
INFO: New CS Connection. JSON Body:
{"id":"IDS60901","name":"Adelaide","state":"SA","time_zone":"IST","lat":"-47.42695057117728","lon":"-140.14675067405267","local_date_time":null,"local_date_time_full":"2023956451348","air_temp":"19.430135127333067","apparent_t":"27.188501540275155","cloud":"Overcast","dewpt":"8.482155129539727","press":"989.7359235108249","rel_hum":"73","wind_dir":"SW","wind_spd_kmh":"14","wind_spd_kt":"4"}

Oct 08, 2023 5:00:50 PM src.AggregationServer handlePutRequest
INFO: Response sent to CS immidiately

Oct 08, 2023 5:00:50 PM src.AggregationServer$ClientHandler run
INFO: New Client Connection. Requested City: IDS60910

Oct 08, 2023 5:00:50 PM src.AggregationServer handleGetRequest
INFO: Response sent to Client immidiately

Oct 08, 2023 5:00:50 PM src.AggregationServer$ClientHandler run
INFO: New Client Connection. Requested City: IDS60908

Oct 08, 2023 5:00:50 PM src.AggregationServer handleGetRequest
INFO: Response sent to Client immidiately

Oct 08, 2023 5:00:50 PM src.AggregationServer$ClientHandler run
INFO: New Client Connection. Requested City: IDS60903

Oct 08, 2023 5:00:50 PM src.AggregationServer handleGetRequest
INFO: Response sent to Client immidiately

Oct 08, 2023 5:00:50 PM src.AggregationServer$ClientHandler run
INFO: New Client Connection. Requested City: IDS60901

Oct 08, 2023 5:00:50 PM src.AggregationServer handleGetRequest
INFO: Response sent to Client immidiately

Oct 08, 2023 5:00:50 PM src.AggregationServer$ClientHandler run
INFO: New Client Connection. Requested City: IDS60907

Oct 08, 2023 5:00:50 PM src.AggregationServer handleGetRequest
INFO: Response sent to Client immidiately

Oct 08, 2023 5:00:50 PM src.AggregationServer$ClientHandler run
INFO: New Client Connection. Requested City: IDS60904

Oct 08, 2023 5:00:50 PM src.AggregationServer handleGetRequest
INFO: Response sent to Client immidiately

Oct 08, 2023 5:00:51 PM src.AggregationServer$ClientHandler run
INFO: New CS Connection. JSON Body:
{"id":"IDS60902","name":"Sydney","state":"NSW","time_zone":"EST","lat":"57.19810681135982","lon":"-160.14923574815776","local_date_time":null,"local_date_time_full":"20231178202831","air_temp":"-7.738047461627192","apparent_t":"20.773414529293074","cloud":"Mostly cloudy","dewpt":"16.451628705768332","press":"1067.5970458471177","rel_hum":"80","wind_dir":"NE","wind_spd_kmh":"10","wind_spd_kt":"16"}

Oct 08, 2023 5:00:51 PM src.AggregationServer handlePutRequest
INFO: Response sent to CS immidiately

Oct 08, 2023 5:00:51 PM src.AggregationServer$ClientHandler run
INFO: New CS Connection. JSON Body:
{"id":"IDS60902","name":"Sydney","state":"NSW","time_zone":"CST","lat":"12.87497691691371","lon":"-174.2833693761945","local_date_time":null,"local_date_time_full":"202310271131421","air_temp":"7.148891611056278","apparent_t":"-2.1354767617619252","cloud":"Mostly cloudy","dewpt":"12.185182957906456","press":"981.8463098694488","rel_hum":"66","wind_dir":"E","wind_spd_kmh":"0","wind_spd_kt":"16"}

Oct 08, 2023 5:00:51 PM src.AggregationServer handlePutRequest
INFO: Response sent to CS immidiately

Oct 08, 2023 5:00:51 PM src.AggregationServer$ClientHandler run
INFO: New Client Connection. Requested City: IDS60904

Oct 08, 2023 5:00:51 PM src.AggregationServer handleGetRequest
INFO: Response sent to Client immidiately

Oct 08, 2023 5:00:51 PM src.AggregationServer$ClientHandler run
INFO: New Client Connection. Requested City: IDS60908

Oct 08, 2023 5:00:51 PM src.AggregationServer handleGetRequest
INFO: Response sent to Client immidiately

Oct 08, 2023 5:00:51 PM src.AggregationServer$ClientHandler run
INFO: New Client Connection. Requested City: IDS60908

Oct 08, 2023 5:00:51 PM src.AggregationServer handleGetRequest
INFO: Response sent to Client immidiately

Oct 08, 2023 5:00:51 PM src.AggregationServer$ClientHandler run
INFO: New Client Connection. Requested City: IDS60903

Oct 08, 2023 5:00:51 PM src.AggregationServer handleGetRequest
INFO: Response sent to Client immidiately

Oct 08, 2023 5:00:51 PM src.AggregationServer$ClientHandler run
INFO: New Client Connection. Requested City: IDS60909

Oct 08, 2023 5:00:51 PM src.AggregationServer handleGetRequest
INFO: Response sent to Client immidiately

Oct 08, 2023 5:00:51 PM src.AggregationServer$ClientHandler run
INFO: New Client Connection. Requested City: IDS60905

Oct 08, 2023 5:00:51 PM src.AggregationServer handleGetRequest
INFO: Response sent to Client immidiately

Oct 08, 2023 5:00:52 PM src.AggregationServer$ClientHandler run
INFO: New CS Connection. JSON Body:
{"id":"IDS60903","name":"Brisbane","state":"QLD","time_zone":"AEDT","lat":"-65.6656800967796","lon":"-83.30231694275273","local_date_time":null,"local_date_time_full":"2023199694320","air_temp":"25.927712715573904","apparent_t":"19.91572320685053","cloud":"Overcast","dewpt":"23.546405209576065","press":"951.9431139739469","rel_hum":"74","wind_dir":"NE","wind_spd_kmh":"13","wind_spd_kt":"3"}

Oct 08, 2023 5:00:52 PM src.AggregationServer handlePutRequest
INFO: Response sent to CS immidiately

Oct 08, 2023 5:00:52 PM src.AggregationServer$ClientHandler run
INFO: New CS Connection. JSON Body:
{"id":"IDS60903","name":"Brisbane","state":"QLD","time_zone":"PST","lat":"-70.83844648762252","lon":"-105.78026745484617","local_date_time":null,"local_date_time_full":"20231214801119","air_temp":"26.231126080581213","apparent_t":"37.93400652477434","cloud":"Clear","dewpt":"0.8008515398961791","press":"971.292920583075","rel_hum":"12","wind_dir":"S","wind_spd_kmh":"28","wind_spd_kt":"13"}

Oct 08, 2023 5:00:52 PM src.AggregationServer handlePutRequest
INFO: Response sent to CS immidiately

Oct 08, 2023 5:00:52 PM src.AggregationServer$ClientHandler run
INFO: New Client Connection. Requested City: IDS60910

Oct 08, 2023 5:00:52 PM src.AggregationServer handleGetRequest
INFO: Response sent to Client immidiately

Oct 08, 2023 5:00:52 PM src.AggregationServer$ClientHandler run
INFO: New Client Connection. Requested City: IDS60903

Oct 08, 2023 5:00:52 PM src.AggregationServer handleGetRequest
INFO: Response sent to Client immidiately

Oct 08, 2023 5:00:52 PM src.AggregationServer$ClientHandler run
INFO: New Client Connection. Requested City: IDS60903

Oct 08, 2023 5:00:52 PM src.AggregationServer handleGetRequest
INFO: Response sent to Client immidiately

Oct 08, 2023 5:00:52 PM src.AggregationServer$ClientHandler run
INFO: New Client Connection. Requested City: IDS60906

Oct 08, 2023 5:00:52 PM src.AggregationServer handleGetRequest
INFO: Response sent to Client immidiately

Oct 08, 2023 5:00:52 PM src.AggregationServer$ClientHandler run
INFO: New Client Connection. Requested City: IDS60908

Oct 08, 2023 5:00:52 PM src.AggregationServer handleGetRequest
INFO: Response sent to Client immidiately

Oct 08, 2023 5:00:52 PM src.AggregationServer$ClientHandler run
INFO: New Client Connection. Requested City: IDS60904

Oct 08, 2023 5:00:52 PM src.AggregationServer handleGetRequest
INFO: Response sent to Client immidiately

Oct 08, 2023 5:00:53 PM src.AggregationServer$ClientHandler run
INFO: New CS Connection. JSON Body:
{"id":"IDS60904","name":"Melbourne","state":"VIC","time_zone":"JST","lat":"86.60825020732437","lon":"-101.78291632691172","local_date_time":null,"local_date_time_full":"20235243144652","air_temp":"4.627737676765234","apparent_t":"16.45611955305466","cloud":"Overcast","dewpt":"3.460664335298201","press":"1047.4376606686128","rel_hum":"49","wind_dir":"W","wind_spd_kmh":"25","wind_spd_kt":"19"}

Oct 08, 2023 5:00:53 PM src.AggregationServer handlePutRequest
INFO: Response sent to CS immidiately

Oct 08, 2023 5:00:53 PM src.AggregationServer$ClientHandler run
INFO: New CS Connection. JSON Body:
{"id":"IDS60904","name":"Melbourne","state":"VIC","time_zone":"ECT","lat":"75.50527838173508","lon":"114.25906014962862","local_date_time":null,"local_date_time_full":"2023689141336","air_temp":"33.11232156009084","apparent_t":"-9.53675212231885","cloud":"Partly cloudy","dewpt":"-4.993505332281769","press":"968.5050165194993","rel_hum":"2","wind_dir":"SW","wind_spd_kmh":"24","wind_spd_kt":"2"}

Oct 08, 2023 5:00:53 PM src.AggregationServer handlePutRequest
INFO: Response sent to CS immidiately

Oct 08, 2023 5:00:53 PM src.AggregationServer$ClientHandler run
INFO: New Client Connection. Requested City: IDS60907

Oct 08, 2023 5:00:53 PM src.AggregationServer handleGetRequest
INFO: Response sent to Client immidiately

Oct 08, 2023 5:00:53 PM src.AggregationServer$ClientHandler run
INFO: New Client Connection. Requested City: IDS60910

Oct 08, 2023 5:00:53 PM src.AggregationServer handleGetRequest
INFO: Response sent to Client immidiately

Oct 08, 2023 5:00:53 PM src.AggregationServer$ClientHandler run
INFO: New Client Connection. Requested City: IDS60902

Oct 08, 2023 5:00:53 PM src.AggregationServer handleGetRequest
INFO: Response sent to Client immidiately

Oct 08, 2023 5:00:53 PM src.AggregationServer$ClientHandler run
INFO: New Client Connection. Requested City: IDS60903

Oct 08, 2023 5:00:53 PM src.AggregationServer handleGetRequest
INFO: Response sent to Client immidiately

Oct 08, 2023 5:00:53 PM src.AggregationServer$ClientHandler run
INFO: New Client Connection. Requested City: IDS60908

Oct 08, 2023 5:00:53 PM src.AggregationServer handleGetRequest
INFO: Response sent to Client immidiately

Oct 08, 2023 5:00:53 PM src.AggregationServer$ClientHandler run
INFO: New Client Connection. Requested City: IDS60902

Oct 08, 2023 5:00:53 PM src.AggregationServer handleGetRequest
INFO: Response sent to Client immidiately

Oct 08, 2023 5:00:54 PM src.AggregationServer$ClientHandler run
INFO: New CS Connection. JSON Body:
{"id":"IDS60905","name":"Perth","state":"WA","time_zone":"EST","lat":"-20.9403239892753","lon":"-132.28845671955656","local_date_time":null,"local_date_time_full":"20231475122428","air_temp":"-9.606823073304335","apparent_t":"2.7180963034267673","cloud":"Partly cloudy","dewpt":"-1.894465349395972","press":"1073.9464378032092","rel_hum":"0","wind_dir":"SW","wind_spd_kmh":"21","wind_spd_kt":"13"}

Oct 08, 2023 5:00:54 PM src.AggregationServer handlePutRequest
INFO: Response sent to CS immidiately

Oct 08, 2023 5:00:54 PM src.AggregationServer$ClientHandler run
INFO: New CS Connection. JSON Body:
{"id":"IDS60905","name":"Perth","state":"WA","time_zone":"AEDT","lat":"80.98006600396687","lon":"173.7084020686861","local_date_time":null,"local_date_time_full":"20239628192932","air_temp":"-4.104280505086385","apparent_t":"34.78859858386215","cloud":"Overcast","dewpt":"7.120984237775826","press":"1039.8061691895302","rel_hum":"9","wind_dir":"E","wind_spd_kmh":"7","wind_spd_kt":"5"}

Oct 08, 2023 5:00:54 PM src.AggregationServer handlePutRequest
INFO: Response sent to CS immidiately

Oct 08, 2023 5:00:54 PM src.AggregationServer$ClientHandler run
INFO: New Client Connection. Requested City: IDS60909

Oct 08, 2023 5:00:54 PM src.AggregationServer handleGetRequest
INFO: Response sent to Client immidiately

Oct 08, 2023 5:00:54 PM src.AggregationServer$ClientHandler run
INFO: New Client Connection. Requested City: IDS60906

Oct 08, 2023 5:00:54 PM src.AggregationServer handleGetRequest
INFO: Response sent to Client immidiately

Oct 08, 2023 5:00:54 PM src.AggregationServer$ClientHandler run
INFO: New Client Connection. Requested City: IDS60905

Oct 08, 2023 5:00:54 PM src.AggregationServer handleGetRequest
INFO: Response sent to Client immidiately

Oct 08, 2023 5:00:54 PM src.AggregationServer$ClientHandler run
INFO: New Client Connection. Requested City: IDS60902

Oct 08, 2023 5:00:54 PM src.AggregationServer handleGetRequest
INFO: Response sent to Client immidiately

Oct 08, 2023 5:00:54 PM src.AggregationServer$ClientHandler run
INFO: New Client Connection. Requested City: IDS60901

Oct 08, 2023 5:00:54 PM src.AggregationServer handleGetRequest
INFO: Response sent to Client immidiately

Oct 08, 2023 5:00:54 PM src.AggregationServer$ClientHandler run
INFO: New Client Connection. Requested City: IDS60906

Oct 08, 2023 5:00:54 PM src.AggregationServer handleGetRequest
INFO: Response sent to Client immidiately

Oct 08, 2023 5:00:55 PM src.AggregationServer$ClientHandler run
INFO: New CS Connection. JSON Body:
{"id":"IDS60906","name":"Mount Gambier","state":"SA","time_zone":"PST","lat":"-5.77017386729419","lon":"105.21186401994078","local_date_time":null,"local_date_time_full":"2023536619524","air_temp":"30.527430371753397","apparent_t":"28.909509226947655","cloud":"Overcast","dewpt":"29.59799792501191","press":"989.2724363129504","rel_hum":"6","wind_dir":"SE","wind_spd_kmh":"9","wind_spd_kt":"4"}

Oct 08, 2023 5:00:55 PM src.AggregationServer handlePutRequest
INFO: Response sent to CS immidiately

Oct 08, 2023 5:00:55 PM src.AggregationServer$ClientHandler run
INFO: New CS Connection. JSON Body:
{"id":"IDS60906","name":"Mount Gambier","state":"SA","time_zone":"GMT","lat":"75.35636664690321","lon":"172.02012048694763","local_date_time":null,"local_date_time_full":"202312283151912","air_temp":"-2.814859392997123","apparent_t":"32.871370971991425","cloud":"Overcast","dewpt":"-7.666810488580911","press":"914.176484947375","rel_hum":"91","wind_dir":"S","wind_spd_kmh":"21","wind_spd_kt":"12"}

Oct 08, 2023 5:00:55 PM src.AggregationServer handlePutRequest
INFO: Response sent to CS immidiately

Oct 08, 2023 5:00:55 PM src.AggregationServer$ClientHandler run
INFO: New Client Connection. Requested City: IDS60903

Oct 08, 2023 5:00:55 PM src.AggregationServer handleGetRequest
INFO: Response sent to Client immidiately

Oct 08, 2023 5:00:55 PM src.AggregationServer$ClientHandler run
INFO: New Client Connection. Requested City: IDS60902

Oct 08, 2023 5:00:55 PM src.AggregationServer handleGetRequest
INFO: Response sent to Client immidiately

Oct 08, 2023 5:00:55 PM src.AggregationServer$ClientHandler run
INFO: New Client Connection. Requested City: IDS60903

Oct 08, 2023 5:00:55 PM src.AggregationServer handleGetRequest
INFO: Response sent to Client immidiately

Oct 08, 2023 5:00:55 PM src.AggregationServer$ClientHandler run
INFO: New Client Connection. Requested City: IDS60902

Oct 08, 2023 5:00:55 PM src.AggregationServer handleGetRequest
INFO: Response sent to Client immidiately

Oct 08, 2023 5:00:55 PM src.AggregationServer$ClientHandler run
INFO: New Client Connection. Requested City: IDS60903

Oct 08, 2023 5:00:55 PM src.AggregationServer handleGetRequest
INFO: Response sent to Client immidiately

Oct 08, 2023 5:00:55 PM src.AggregationServer$ClientHandler run
INFO: New Client Connection. Requested City: IDS60908

Oct 08, 2023 5:00:55 PM src.AggregationServer handleGetRequest
INFO: Response sent to Client immidiately

Oct 08, 2023 5:00:56 PM src.AggregationServer$ClientHandler run
INFO: New CS Connection. JSON Body:
{"id":"IDS60907","name":"Newcastle","state":"NSW","time_zone":"GMT","lat":"-69.16032753881588","lon":"20.270461888943544","local_date_time":null,"local_date_time_full":"2023414323618","air_temp":"12.801565851654338","apparent_t":"-4.233307119772275","cloud":"Clear","dewpt":"13.805752555049441","press":"1061.9297330851293","rel_hum":"99","wind_dir":"SW","wind_spd_kmh":"19","wind_spd_kt":"10"}

Oct 08, 2023 5:00:56 PM src.AggregationServer handlePutRequest
INFO: Response sent to CS immidiately

Oct 08, 2023 5:00:56 PM src.AggregationServer$ClientHandler run
INFO: New CS Connection. JSON Body:
{"id":"IDS60907","name":"Newcastle","state":"NSW","time_zone":"EST","lat":"-60.6695091345361","lon":"-40.0568489404842","local_date_time":null,"local_date_time_full":"20235977101717","air_temp":"22.00544815024692","apparent_t":"34.195048225099264","cloud":"Partly cloudy","dewpt":"25.08031994754939","press":"912.1586385006063","rel_hum":"52","wind_dir":"N","wind_spd_kmh":"1","wind_spd_kt":"11"}

Oct 08, 2023 5:00:56 PM src.AggregationServer handlePutRequest
INFO: Response sent to CS immidiately

Oct 08, 2023 5:00:56 PM src.AggregationServer$ClientHandler run
INFO: New Client Connection. Requested City: IDS60902

Oct 08, 2023 5:00:56 PM src.AggregationServer handleGetRequest
INFO: Response sent to Client immidiately

Oct 08, 2023 5:00:56 PM src.AggregationServer$ClientHandler run
INFO: New Client Connection. Requested City: IDS60907

Oct 08, 2023 5:00:56 PM src.AggregationServer handleGetRequest
INFO: Response sent to Client immidiately

Oct 08, 2023 5:00:56 PM src.AggregationServer$ClientHandler run
INFO: New Client Connection. Requested City: IDS60907

Oct 08, 2023 5:00:56 PM src.AggregationServer handleGetRequest
INFO: Response sent to Client immidiately

Oct 08, 2023 5:00:56 PM src.AggregationServer$ClientHandler run
INFO: New Client Connection. Requested City: IDS60909

Oct 08, 2023 5:00:56 PM src.AggregationServer handleGetRequest
INFO: Response sent to Client immidiately

Oct 08, 2023 5:00:56 PM src.AggregationServer$ClientHandler run
INFO: New Client Connection. Requested City: IDS60905

Oct 08, 2023 5:00:56 PM src.AggregationServer handleGetRequest
INFO: Response sent to Client immidiately

Oct 08, 2023 5:00:56 PM src.AggregationServer$ClientHandler run
INFO: New Client Connection. Requested City: IDS60905

Oct 08, 2023 5:00:56 PM src.AggregationServer$RequestProcessor processGetRequest
INFO: Response sent to Client after queueing

Oct 08, 2023 5:00:57 PM src.AggregationServer$ClientHandler run
INFO: New CS Connection. JSON Body:
{"id":"IDS60908","name":"Gold Coast","state":"QLD","time_zone":"CST","lat":"-16.821451438123006","lon":"70.73743780328374","local_date_time":null,"local_date_time_full":"2023674302156","air_temp":"23.997552578253334","apparent_t":"19.154878851376324","cloud":"Mostly cloudy","dewpt":"24.284873846211426","press":"927.9690806400728","rel_hum":"69","wind_dir":"NE","wind_spd_kmh":"19","wind_spd_kt":"8"}

Oct 08, 2023 5:00:57 PM src.AggregationServer handlePutRequest
INFO: Response sent to CS immidiately

Oct 08, 2023 5:00:57 PM src.AggregationServer$ClientHandler run
INFO: New CS Connection. JSON Body:
{"id":"IDS60908","name":"Gold Coast","state":"QLD","time_zone":"EST","lat":"-9.566284107032772","lon":"-67.43488248761159","local_date_time":null,"local_date_time_full":"2023980232936","air_temp":"19.47793521120843","apparent_t":"37.55226151636861","cloud":"Partly cloudy","dewpt":"6.539283680904909","press":"955.6783205768912","rel_hum":"23","wind_dir":"S","wind_spd_kmh":"4","wind_spd_kt":"12"}

Oct 08, 2023 5:00:57 PM src.AggregationServer handlePutRequest
INFO: Response sent to CS immidiately

Oct 08, 2023 5:00:57 PM src.AggregationServer$ClientHandler run
INFO: New Client Connection. Requested City: IDS60907

Oct 08, 2023 5:00:57 PM src.AggregationServer handleGetRequest
INFO: Response sent to Client immidiately

Oct 08, 2023 5:00:57 PM src.AggregationServer$ClientHandler run
INFO: New Client Connection. Requested City: IDS60907

Oct 08, 2023 5:00:57 PM src.AggregationServer handleGetRequest
INFO: Response sent to Client immidiately

Oct 08, 2023 5:00:57 PM src.AggregationServer$ClientHandler run
INFO: New Client Connection. Requested City: IDS60903

Oct 08, 2023 5:00:57 PM src.AggregationServer handleGetRequest
INFO: Response sent to Client immidiately

Oct 08, 2023 5:00:57 PM src.AggregationServer$ClientHandler run
INFO: New Client Connection. Requested City: IDS60901

Oct 08, 2023 5:00:57 PM src.AggregationServer handleGetRequest
INFO: Response sent to Client immidiately

Oct 08, 2023 5:00:57 PM src.AggregationServer$ClientHandler run
INFO: New Client Connection. Requested City: IDS60901

Oct 08, 2023 5:00:57 PM src.AggregationServer handleGetRequest
INFO: Response sent to Client immidiately

Oct 08, 2023 5:00:57 PM src.AggregationServer$ClientHandler run
INFO: New Client Connection. Requested City: IDS60905

Oct 08, 2023 5:00:57 PM src.AggregationServer handleGetRequest
INFO: Response sent to Client immidiately

Oct 08, 2023 5:00:58 PM src.AggregationServer$ClientHandler run
INFO: New CS Connection. JSON Body:
{"id":"IDS60909","name":"Geelong","state":"VIC","time_zone":"JST","lat":"13.813524172151787","lon":"-38.6561566464666","local_date_time":null,"local_date_time_full":"20232528161742","air_temp":"20.925607869457817","apparent_t":"38.16573667746574","cloud":"Mostly cloudy","dewpt":"18.003093882147127","press":"941.2118670945304","rel_hum":"55","wind_dir":"SW","wind_spd_kmh":"15","wind_spd_kt":"13"}

Oct 08, 2023 5:00:58 PM src.AggregationServer handlePutRequest
INFO: Response sent to CS immidiately

Oct 08, 2023 5:00:58 PM src.AggregationServer$ClientHandler run
INFO: New CS Connection. JSON Body:
{"id":"IDS60909","name":"Geelong","state":"VIC","time_zone":"AEDT","lat":"48.91134299043367","lon":"-137.76280384979987","local_date_time":null,"local_date_time_full":"2023625612416","air_temp":"35.16989279710072","apparent_t":"-0.4758991719675052","cloud":"Overcast","dewpt":"2.9832523903753163","press":"1056.8078148064683","rel_hum":"35","wind_dir":"NW","wind_spd_kmh":"28","wind_spd_kt":"17"}

Oct 08, 2023 5:00:58 PM src.AggregationServer handlePutRequest
INFO: Response sent to CS immidiately

Oct 08, 2023 5:00:58 PM src.AggregationServer$ClientHandler run
INFO: New Client Connection. Requested City: IDS60905

Oct 08, 2023 5:00:58 PM src.AggregationServer handleGetRequest
INFO: Response sent to Client immidiately

Oct 08, 2023 5:00:58 PM src.AggregationServer$ClientHandler run
INFO: New Client Connection. Requested City: IDS60904

Oct 08, 2023 5:00:58 PM src.AggregationServer handleGetRequest
INFO: Response sent to Client immidiately

Oct 08, 2023 5:00:58 PM src.AggregationServer$ClientHandler run
INFO: New Client Connection. Requested City: IDS60903

Oct 08, 2023 5:00:58 PM src.AggregationServer handleGetRequest
INFO: Response sent to Client immidiately

Oct 08, 2023 5:00:58 PM src.AggregationServer$ClientHandler run
INFO: New Client Connection. Requested City: IDS60904

Oct 08, 2023 5:00:58 PM src.AggregationServer handleGetRequest
INFO: Response sent to Client immidiately

Oct 08, 2023 5:00:58 PM src.AggregationServer$ClientHandler run
INFO: New Client Connection. Requested City: IDS60910

Oct 08, 2023 5:00:58 PM src.AggregationServer handleGetRequest
INFO: Response sent to Client immidiately

Oct 08, 2023 5:00:58 PM src.AggregationServer$ClientHandler run
INFO: New Client Connection. Requested City: IDS60903

Oct 08, 2023 5:00:58 PM src.AggregationServer handleGetRequest
INFO: Response sent to Client immidiately

Oct 08, 2023 5:00:59 PM src.AggregationServer$ClientHandler run
INFO: New CS Connection. JSON Body:
{"id":"IDS60910","name":"Fremantle","state":"WA","time_zone":"JST","lat":"59.131429886510944","lon":"64.54229753791344","local_date_time":null,"local_date_time_full":"20232629221922","air_temp":"27.102066730442992","apparent_t":"-8.778131710291989","cloud":"Mostly cloudy","dewpt":"24.794700319266234","press":"954.0089808215797","rel_hum":"0","wind_dir":"SW","wind_spd_kmh":"23","wind_spd_kt":"15"}

Oct 08, 2023 5:00:59 PM src.AggregationServer handlePutRequest
INFO: Response sent to CS immidiately

Oct 08, 2023 5:00:59 PM src.AggregationServer$ClientHandler run
INFO: New CS Connection. JSON Body:
{"id":"IDS60910","name":"Fremantle","state":"WA","time_zone":"GMT","lat":"-15.250384825325128","lon":"-94.98190333966869","local_date_time":null,"local_date_time_full":"20234393103623","air_temp":"17.231380744713913","apparent_t":"3.145474462038454","cloud":"Mostly cloudy","dewpt":"6.7805934647647526","press":"909.256964597011","rel_hum":"61","wind_dir":"E","wind_spd_kmh":"15","wind_spd_kt":"14"}

Oct 08, 2023 5:00:59 PM src.AggregationServer handlePutRequest
INFO: Response sent to CS immidiately

Oct 08, 2023 5:00:59 PM src.AggregationServer$ClientHandler run
INFO: New Client Connection. Requested City: IDS60906

Oct 08, 2023 5:00:59 PM src.AggregationServer handleGetRequest
INFO: Response sent to Client immidiately

Oct 08, 2023 5:00:59 PM src.AggregationServer$ClientHandler run
INFO: New Client Connection. Requested City: IDS60907

Oct 08, 2023 5:00:59 PM src.AggregationServer handleGetRequest
INFO: Response sent to Client immidiately

Oct 08, 2023 5:00:59 PM src.AggregationServer$ClientHandler run
INFO: New Client Connection. Requested City: IDS60910

Oct 08, 2023 5:00:59 PM src.AggregationServer handleGetRequest
INFO: Response sent to Client immidiately

Oct 08, 2023 5:00:59 PM src.AggregationServer$ClientHandler run
INFO: New Client Connection. Requested City: IDS60909

Oct 08, 2023 5:00:59 PM src.AggregationServer handleGetRequest
INFO: Response sent to Client immidiately

Oct 08, 2023 5:00:59 PM src.AggregationServer$ClientHandler run
INFO: New Client Connection. Requested City: IDS60910

Oct 08, 2023 5:00:59 PM src.AggregationServer handleGetRequest
INFO: Response sent to Client immidiately

Oct 08, 2023 5:00:59 PM src.AggregationServer$ClientHandler run
INFO: New Client Connection. Requested City: IDS60909

Oct 08, 2023 5:00:59 PM src.AggregationServer handleGetRequest
INFO: Response sent to Client immidiately

Oct 08, 2023 5:01:00 PM src.AggregationServer$ClientHandler run
INFO: New Client Connection. Requested City: IDS60904

Oct 08, 2023 5:01:00 PM src.AggregationServer handleGetRequest
INFO: Response sent to Client immidiately

Oct 08, 2023 5:01:00 PM src.AggregationServer$ClientHandler run
INFO: New Client Connection. Requested City: IDS60907

Oct 08, 2023 5:01:00 PM src.AggregationServer handleGetRequest
INFO: Response sent to Client immidiately

Oct 08, 2023 5:01:00 PM src.AggregationServer$ClientHandler run
INFO: New Client Connection. Requested City: IDS60909

Oct 08, 2023 5:01:00 PM src.AggregationServer$RequestProcessor processGetRequest
INFO: Response sent to Client after queueing

Oct 08, 2023 5:01:00 PM src.AggregationServer$ClientHandler run
INFO: New Client Connection. Requested City: IDS60908

Oct 08, 2023 5:01:00 PM src.AggregationServer handleGetRequest
INFO: Response sent to Client immidiately

Oct 08, 2023 5:01:00 PM src.AggregationServer$ClientHandler run
INFO: New Client Connection. Requested City: IDS60906

Oct 08, 2023 5:01:00 PM src.AggregationServer$RequestProcessor processGetRequest
INFO: Response sent to Client after queueing

Oct 08, 2023 5:01:00 PM src.AggregationServer$ClientHandler run
INFO: New Client Connection. Requested City: IDS60905

Oct 08, 2023 5:01:00 PM src.AggregationServer$RequestProcessor processGetRequest
INFO: Response sent to Client after queueing

Oct 08, 2023 5:01:01 PM src.AggregationServer$ClientHandler run
INFO: New Client Connection. Requested City: IDS60906

Oct 08, 2023 5:01:01 PM src.AggregationServer$ClientHandler run
INFO: New Client Connection. Requested City: IDS60907

Oct 08, 2023 5:01:01 PM src.AggregationServer handleGetRequest
INFO: Response sent to Client immidiately

Oct 08, 2023 5:01:01 PM src.AggregationServer$RequestProcessor processGetRequest
INFO: Response sent to Client after queueing

Oct 08, 2023 5:01:01 PM src.AggregationServer$ClientHandler run
INFO: New Client Connection. Requested City: IDS60909

Oct 08, 2023 5:01:01 PM src.AggregationServer$ClientHandler run
INFO: New Client Connection. Requested City: IDS60904

Oct 08, 2023 5:01:01 PM src.AggregationServer handleGetRequest
INFO: Response sent to Client immidiately

Oct 08, 2023 5:01:01 PM src.AggregationServer$RequestProcessor processGetRequest
INFO: Response sent to Client after queueing

Oct 08, 2023 5:01:01 PM src.AggregationServer$ClientHandler run
INFO: New Client Connection. Requested City: IDS60905

Oct 08, 2023 5:01:01 PM src.AggregationServer$RequestProcessor processGetRequest
INFO: Response sent to Client after queueing

Oct 08, 2023 5:01:01 PM src.AggregationServer$ClientHandler run
INFO: New Client Connection. Requested City: IDS60909

Oct 08, 2023 5:01:01 PM src.AggregationServer$RequestProcessor processGetRequest
INFO: Response sent to Client after queueing

Oct 08, 2023 5:01:02 PM src.AggregationServer$ClientHandler run
INFO: New Client Connection. Requested City: IDS60902

Oct 08, 2023 5:01:02 PM src.AggregationServer$RequestProcessor processGetRequest
INFO: Response sent to Client after queueing

Oct 08, 2023 5:01:02 PM src.AggregationServer$ClientHandler run
INFO: New Client Connection. Requested City: IDS60907

Oct 08, 2023 5:01:02 PM src.AggregationServer handleGetRequest
INFO: Response sent to Client immidiately

Oct 08, 2023 5:01:03 PM src.AggregationServer$ClientHandler run
INFO: New Client Connection. Requested City: IDS60902

Oct 08, 2023 5:01:03 PM src.AggregationServer$RequestProcessor processGetRequest
INFO: Response sent to Client after queueing

Oct 08, 2023 5:01:03 PM src.AggregationServer$ClientHandler run
INFO: New Client Connection. Requested City: IDS60909

Oct 08, 2023 5:01:03 PM src.AggregationServer handleGetRequest
INFO: Response sent to Client immidiately

Oct 08, 2023 5:01:04 PM src.AggregationServer$ClientHandler run
INFO: New Client Connection. Requested City: IDS60901

Oct 08, 2023 5:01:04 PM src.AggregationServer$ClientHandler run
INFO: New Client Connection. Requested City: IDS60906

Oct 08, 2023 5:01:04 PM src.AggregationServer handleGetRequest
INFO: Response sent to Client immidiately

Oct 08, 2023 5:01:04 PM src.AggregationServer$RequestProcessor processGetRequest
INFO: Response sent to Client after queueing

Oct 08, 2023 5:01:05 PM src.AggregationServer$ClientHandler run
INFO: New Client Connection. Requested City: IDS60907

Oct 08, 2023 5:01:05 PM src.AggregationServer$ClientHandler run
INFO: New Client Connection. Requested City: IDS60907

Oct 08, 2023 5:01:05 PM src.AggregationServer handleGetRequest
INFO: Response sent to Client immidiately

Oct 08, 2023 5:01:05 PM src.AggregationServer$RequestProcessor processGetRequest
INFO: Response sent to Client after queueing

Oct 08, 2023 5:01:06 PM src.AggregationServer$ClientHandler run
INFO: New Client Connection. Requested City: IDS60905

Oct 08, 2023 5:01:06 PM src.AggregationServer$ClientHandler run
INFO: New Client Connection. Requested City: IDS60901

Oct 08, 2023 5:01:06 PM src.AggregationServer handleGetRequest
INFO: Response sent to Client immidiately

Oct 08, 2023 5:01:06 PM src.AggregationServer$RequestProcessor processGetRequest
INFO: Response sent to Client after queueing

Oct 08, 2023 5:01:07 PM src.AggregationServer$ClientHandler run
INFO: New Client Connection. Requested City: IDS60904

Oct 08, 2023 5:01:07 PM src.AggregationServer$ClientHandler run
INFO: New Client Connection. Requested City: IDS60909

Oct 08, 2023 5:01:07 PM src.AggregationServer handleGetRequest
INFO: Response sent to Client immidiately

Oct 08, 2023 5:01:07 PM src.AggregationServer$RequestProcessor processGetRequest
INFO: Response sent to Client after queueing

Oct 08, 2023 5:01:08 PM src.AggregationServer$ClientHandler run
INFO: New Client Connection. Requested City: IDS60905

Oct 08, 2023 5:01:08 PM src.AggregationServer$ClientHandler run
INFO: New Client Connection. Requested City: IDS60903

Oct 08, 2023 5:01:08 PM src.AggregationServer handleGetRequest
INFO: Response sent to Client immidiately

Oct 08, 2023 5:01:08 PM src.AggregationServer$RequestProcessor processGetRequest
INFO: Response sent to Client after queueing

Oct 08, 2023 5:01:09 PM src.AggregationServer$ClientHandler run
INFO: New Client Connection. Requested City: IDS60902

Oct 08, 2023 5:01:09 PM src.AggregationServer$ClientHandler run
INFO: New Client Connection. Requested City: IDS60903

Oct 08, 2023 5:01:09 PM src.AggregationServer handleGetRequest
INFO: Response sent to Client immidiately

Oct 08, 2023 5:01:09 PM src.AggregationServer$RequestProcessor processGetRequest
INFO: Response sent to Client after queueing

Oct 08, 2023 5:01:10 PM src.AggregationServer$ClientHandler run
INFO: New Client Connection. Requested City: IDS60904

Oct 08, 2023 5:01:10 PM src.AggregationServer$ClientHandler run
INFO: New Client Connection. Requested City: IDS60908

Oct 08, 2023 5:01:10 PM src.AggregationServer handleGetRequest
INFO: Response sent to Client immidiately

Oct 08, 2023 5:01:10 PM src.AggregationServer$RequestProcessor processGetRequest
INFO: Response sent to Client after queueing

Oct 08, 2023 5:01:11 PM src.AggregationServer$ClientHandler run
INFO: New Client Connection. Requested City: IDS60908

Oct 08, 2023 5:01:11 PM src.AggregationServer$ClientHandler run
INFO: New Client Connection. Requested City: IDS60908

Oct 08, 2023 5:01:11 PM src.AggregationServer handleGetRequest
INFO: Response sent to Client immidiately

Oct 08, 2023 5:01:11 PM src.AggregationServer$RequestProcessor processGetRequest
INFO: Response sent to Client after queueing

Oct 08, 2023 5:01:12 PM src.AggregationServer$ClientHandler run
INFO: New Client Connection. Requested City: IDS60904

Oct 08, 2023 5:01:12 PM src.AggregationServer$ClientHandler run
INFO: New Client Connection. Requested City: IDS60907

Oct 08, 2023 5:01:12 PM src.AggregationServer handleGetRequest
INFO: Response sent to Client immidiately

Oct 08, 2023 5:01:12 PM src.AggregationServer$RequestProcessor processGetRequest
INFO: Response sent to Client after queueing

Oct 08, 2023 5:01:13 PM src.AggregationServer$ClientHandler run
INFO: New Client Connection. Requested City: IDS60902

Oct 08, 2023 5:01:13 PM src.AggregationServer$ClientHandler run
INFO: New Client Connection. Requested City: IDS60908

Oct 08, 2023 5:01:13 PM src.AggregationServer handleGetRequest
INFO: Response sent to Client immidiately

Oct 08, 2023 5:01:13 PM src.AggregationServer$RequestProcessor processGetRequest
INFO: Response sent to Client after queueing

Oct 08, 2023 5:01:14 PM src.AggregationServer$ClientHandler run
INFO: New Client Connection. Requested City: IDS60909

Oct 08, 2023 5:01:14 PM src.AggregationServer$RequestProcessor processGetRequest
INFO: Response sent to Client after queueing

Oct 08, 2023 5:01:14 PM src.AggregationServer$ClientHandler run
INFO: New Client Connection. Requested City: IDS60910

Oct 08, 2023 5:01:14 PM src.AggregationServer handleGetRequest
INFO: Response sent to Client immidiately

Oct 08, 2023 5:01:15 PM src.AggregationServer$ClientHandler run
INFO: New Client Connection. Requested City: IDS60902

Oct 08, 2023 5:01:15 PM src.AggregationServer$RequestProcessor processGetRequest
INFO: Response sent to Client after queueing

Oct 08, 2023 5:01:15 PM src.AggregationServer$ClientHandler run
INFO: New Client Connection. Requested City: IDS60906

Oct 08, 2023 5:01:15 PM src.AggregationServer handleGetRequest
INFO: Response sent to Client immidiately

Oct 08, 2023 5:01:16 PM src.AggregationServer$ClientHandler run
INFO: New Client Connection. Requested City: IDS60907

Oct 08, 2023 5:01:16 PM src.AggregationServer$ClientHandler run
INFO: New Client Connection. Requested City: IDS60907

Oct 08, 2023 5:01:16 PM src.AggregationServer handleGetRequest
INFO: Response sent to Client immidiately

Oct 08, 2023 5:01:16 PM src.AggregationServer$RequestProcessor processGetRequest
INFO: Response sent to Client after queueing

Oct 08, 2023 5:01:17 PM src.AggregationServer$ClientHandler run
INFO: New Client Connection. Requested City: IDS60901

Oct 08, 2023 5:01:17 PM src.AggregationServer$ClientHandler run
INFO: New Client Connection. Requested City: IDS60906

Oct 08, 2023 5:01:17 PM src.AggregationServer handleGetRequest
INFO: Response sent to Client immidiately

Oct 08, 2023 5:01:17 PM src.AggregationServer$RequestProcessor processGetRequest
INFO: Response sent to Client after queueing

Oct 08, 2023 5:01:18 PM src.AggregationServer$ClientHandler run
INFO: New Client Connection. Requested City: IDS60908

Oct 08, 2023 5:01:18 PM src.AggregationServer$RequestProcessor processGetRequest
INFO: Response sent to Client after queueing

Oct 08, 2023 5:01:18 PM src.AggregationServer$ClientHandler run
INFO: New Client Connection. Requested City: IDS60907

Oct 08, 2023 5:01:18 PM src.AggregationServer handleGetRequest
INFO: Response sent to Client immidiately

Oct 08, 2023 5:01:19 PM src.AggregationServer$ClientHandler run
INFO: New Client Connection. Requested City: IDS60908

Oct 08, 2023 5:01:19 PM src.AggregationServer$ClientHandler run
INFO: New Client Connection. Requested City: IDS60907

Oct 08, 2023 5:01:19 PM src.AggregationServer handleGetRequest
INFO: Response sent to Client immidiately

Oct 08, 2023 5:01:19 PM src.AggregationServer$RequestProcessor processGetRequest
INFO: Response sent to Client after queueing

Oct 08, 2023 5:01:20 PM src.AggregationServer$ClientHandler run
INFO: New Client Connection. Requested City: IDS60908

Oct 08, 2023 5:01:20 PM src.AggregationServer$ClientHandler run
INFO: New Client Connection. Requested City: IDS60904

Oct 08, 2023 5:01:20 PM src.AggregationServer handleGetRequest
INFO: Response sent to Client immidiately

Oct 08, 2023 5:01:20 PM src.AggregationServer$RequestProcessor processGetRequest
INFO: Response sent to Client after queueing

Oct 08, 2023 5:01:21 PM src.AggregationServer$ClientHandler run
INFO: New Client Connection. Requested City: IDS60903

Oct 08, 2023 5:01:21 PM src.AggregationServer$ClientHandler run
INFO: New Client Connection. Requested City: IDS60905

Oct 08, 2023 5:01:21 PM src.AggregationServer handleGetRequest
INFO: Response sent to Client immidiately

Oct 08, 2023 5:01:21 PM src.AggregationServer$RequestProcessor processGetRequest
INFO: Response sent to Client after queueing

