Oct 08, 2023 5:28:25 PM src.CS main
INFO: Log File for CS 1

Oct 08, 2023 5:28:25 PM src.CS main
INFO: Starting CS 1

Oct 08, 2023 5:28:26 PM src.CS main
INFO: 
Sending reqeuest to AS.
PUT / HTTP/1.1
Host: localhost
Connection: keep-alive
TIME-STAMP: 0
Content-Type: application/json
Content-Length: 399

{"id":"IDS60901","name":"Adelaide","state":"SA","time_zone":"GMT","lat":"66.59447358875684","lon":"-111.97614650780645","local_date_time":"13/8:17pm","local_date_time_full":"2023850417732","air_temp":"-6.564668793459779","apparent_t":"28.06112430295753","cloud":"Overcast","dewpt":"-1.806725452789859","press":"1087.6988219156249","rel_hum":"50","wind_dir":"S","wind_spd_kmh":"29","wind_spd_kt":"2"}

Oct 08, 2023 5:28:26 PM src.CS main
INFO: Server processed request immidiately.

Oct 08, 2023 5:28:27 PM src.CS main
INFO: 
Sending reqeuest to AS.
PUT / HTTP/1.1
Host: localhost
Connection: keep-alive
TIME-STAMP: 9
Content-Type: application/json
Content-Length: 403

{"id":"IDS60902","name":"Sydney","state":"NSW","time_zone":"AEDT","lat":"26.714883139385293","lon":"134.6998929869893","local_date_time":"16/11:18pm","local_date_time_full":"20235222154759","air_temp":"21.392580821567822","apparent_t":"23.918561596142872","cloud":"Partly cloudy","dewpt":"8.425765212892227","press":"903.1306145895035","rel_hum":"6","wind_dir":"W","wind_spd_kmh":"23","wind_spd_kt":"6"}

Oct 08, 2023 5:28:27 PM src.CS main
INFO: Server processed request immidiately.

Oct 08, 2023 5:28:28 PM src.CS main
INFO: 
Sending reqeuest to AS.
PUT / HTTP/1.1
Host: localhost
Connection: keep-alive
TIME-STAMP: 22
Content-Type: application/json
Content-Length: 405

{"id":"IDS60903","name":"Brisbane","state":"QLD","time_zone":"AEDT","lat":"-6.701994754926119","lon":"-103.05088293067409","local_date_time":"12/12:31pm","local_date_time_full":"202311555112953","air_temp":"8.727805779372648","apparent_t":"34.0073749448784","cloud":"Overcast","dewpt":"-1.2952205609400735","press":"1073.7410215979783","rel_hum":"19","wind_dir":"NW","wind_spd_kmh":"28","wind_spd_kt":"7"}

Oct 08, 2023 5:28:28 PM src.CS main
INFO: Server processed request immidiately.

Oct 08, 2023 5:28:29 PM src.CS main
INFO: 
Sending reqeuest to AS.
PUT / HTTP/1.1
Host: localhost
Connection: keep-alive
TIME-STAMP: 28
Content-Type: application/json
Content-Length: 401

{"id":"IDS60904","name":"Melbourne","state":"VIC","time_zone":"GMT","lat":"-83.707900018859","lon":"-37.88786639799176","local_date_time":"27/10:21pm","local_date_time_full":"202331231498","air_temp":"9.307646725047984","apparent_t":"25.39659131861606","cloud":"Partly cloudy","dewpt":"5.034909240587911","press":"1086.4926937372913","rel_hum":"55","wind_dir":"N","wind_spd_kmh":"7","wind_spd_kt":"4"}

Oct 08, 2023 5:28:29 PM src.CS main
INFO: Server processed request immidiately.

Oct 08, 2023 5:28:30 PM src.CS main
INFO: 
Sending reqeuest to AS.
PUT / HTTP/1.1
Host: localhost
Connection: keep-alive
TIME-STAMP: 40
Content-Type: application/json
Content-Length: 396

{"id":"IDS60905","name":"Perth","state":"WA","time_zone":"AEDT","lat":"-16.751459832563057","lon":"79.89152277503439","local_date_time":"29/3:42pm","local_date_time_full":"2023675714364","air_temp":"3.800481715852536","apparent_t":"16.300220880668085","cloud":"Overcast","dewpt":"12.366426517143786","press":"1043.2021896546034","rel_hum":"37","wind_dir":"E","wind_spd_kmh":"3","wind_spd_kt":"2"}

Oct 08, 2023 5:28:30 PM src.CS main
INFO: Server processed request immidiately.

Oct 08, 2023 5:28:31 PM src.CS main
INFO: 
Sending reqeuest to AS.
PUT / HTTP/1.1
Host: localhost
Connection: keep-alive
TIME-STAMP: 52
Content-Type: application/json
Content-Length: 403

{"id":"IDS60906","name":"Mount Gambier","state":"SA","time_zone":"IST","lat":"-65.84160980006439","lon":"-61.2965917858686","local_date_time":"23/11:44pm","local_date_time_full":"20233933163410","air_temp":"6.8666639371160265","apparent_t":"34.928428959239675","cloud":"Overcast","dewpt":"7.945689071672469","press":"1042.211707699673","rel_hum":"25","wind_dir":"W","wind_spd_kmh":"1","wind_spd_kt":"9"}

Oct 08, 2023 5:28:31 PM src.CS main
INFO: Server processed request immidiately.

Oct 08, 2023 5:28:32 PM src.CS main
INFO: 
Sending reqeuest to AS.
PUT / HTTP/1.1
Host: localhost
Connection: keep-alive
TIME-STAMP: 63
Content-Type: application/json
Content-Length: 405

{"id":"IDS60907","name":"Newcastle","state":"NSW","time_zone":"ECT","lat":"-67.03609218677997","lon":"-60.34711422526212","local_date_time":"25/5:43pm","local_date_time_full":"2023428911536","air_temp":"3.5030074729258764","apparent_t":"24.4229600476516","cloud":"Mostly cloudy","dewpt":"26.79235953822932","press":"1049.7796598864873","rel_hum":"29","wind_dir":"NW","wind_spd_kmh":"6","wind_spd_kt":"19"}

Oct 08, 2023 5:28:32 PM src.CS main
INFO: Server processed request immidiately.

Oct 08, 2023 5:28:33 PM src.CS main
INFO: 
Sending reqeuest to AS.
PUT / HTTP/1.1
Host: localhost
Connection: keep-alive
TIME-STAMP: 75
Content-Type: application/json
Content-Length: 405

{"id":"IDS60908","name":"Gold Coast","state":"QLD","time_zone":"PST","lat":"38.56063954102973","lon":"55.024269246726504","local_date_time":"29/8:26pm","local_date_time_full":"2023129304521","air_temp":"9.532066597206843","apparent_t":"-6.335272328216176","cloud":"Mostly cloudy","dewpt":"19.85639978532417","press":"979.6287756126569","rel_hum":"5","wind_dir":"SE","wind_spd_kmh":"29","wind_spd_kt":"19"}

Oct 08, 2023 5:28:33 PM src.CS main
INFO: Server processed request immidiately.

Oct 08, 2023 5:28:34 PM src.CS main
INFO: 
Sending reqeuest to AS.
PUT / HTTP/1.1
Host: localhost
Connection: keep-alive
TIME-STAMP: 87
Content-Type: application/json
Content-Length: 395

{"id":"IDS60909","name":"Geelong","state":"VIC","time_zone":"PST","lat":"-79.06243280452864","lon":"-87.09636605660639","local_date_time":"4/5:38pm","local_date_time_full":"20231020814143","air_temp":"27.44745766838777","apparent_t":"-8.084695423199598","cloud":"Clear","dewpt":"28.57190720991428","press":"910.2232637974118","rel_hum":"72","wind_dir":"SE","wind_spd_kmh":"24","wind_spd_kt":"2"}

Oct 08, 2023 5:28:34 PM src.CS main
INFO: Server processed request immidiately.

Oct 08, 2023 5:28:35 PM src.CS main
INFO: 
Sending reqeuest to AS.
PUT / HTTP/1.1
Host: localhost
Connection: keep-alive
TIME-STAMP: 99
Content-Type: application/json
Content-Length: 393

{"id":"IDS60910","name":"Fremantle","state":"WA","time_zone":"PST","lat":"59.06001870932428","lon":"-29.472477069647738","local_date_time":"5/6:7pm","local_date_time_full":"202398636406","air_temp":"27.859646921921588","apparent_t":"8.740354725218385","cloud":"Clear","dewpt":"18.938870966599048","press":"911.7294195964644","rel_hum":"24","wind_dir":"W","wind_spd_kmh":"12","wind_spd_kt":"0"}

Oct 08, 2023 5:28:35 PM src.CS main
INFO: Server processed request immidiately.

Oct 08, 2023 5:28:36 PM src.CS main
INFO: CS 1 shutting down.
