Oct 08, 2023 2:41:34 PM src.CS main
INFO: Log File for CS 7
Oct 08, 2023 2:41:34 PM src.CS main
INFO: Starting CS 7
Oct 08, 2023 2:41:34 PM src.CS main
INFO: 
Sending reqeuest to AS.PUT / HTTP/1.1
Host: localhost
Connection: keep-alive
TIME-STAMP: 104
Content-Type: application/json
Content-Length: 391

{"id":"IDS60901","name":"Adelaide","state":"SA","time_zone":"EST","lat":"-14.007062451684675","lon":"-67.18421989298271","local_date_time":null,"local_date_time_full":"2023229517538","air_temp":"18.75231273996523","apparent_t":"24.419794629816337","cloud":"Clear","dewpt":"27.114624623639926","press":"1030.4454179248035","rel_hum":"77","wind_dir":"NE","wind_spd_kmh":"9","wind_spd_kt":"16"}
Oct 08, 2023 2:41:34 PM src.CS main
INFO: Server processed request immidiately.
Oct 08, 2023 2:41:35 PM src.CS main
INFO: 
Sending reqeuest to AS.PUT / HTTP/1.1
Host: localhost
Connection: keep-alive
TIME-STAMP: 112
Content-Type: application/json
Content-Length: 388

{"id":"IDS60902","name":"Sydney","state":"NSW","time_zone":"AEDT","lat":"16.139729032591973","lon":"138.45449076807205","local_date_time":null,"local_date_time_full":"20235807112645","air_temp":"30.20311823173106","apparent_t":"8.053844549362875","cloud":"Clear","dewpt":"16.40946980560903","press":"961.2825268111139","rel_hum":"75","wind_dir":"N","wind_spd_kmh":"22","wind_spd_kt":"14"}
Oct 08, 2023 2:41:35 PM src.CS main
INFO: Server processed request immidiately.
Oct 08, 2023 2:41:36 PM src.CS main
INFO: 
Sending reqeuest to AS.PUT / HTTP/1.1
Host: localhost
Connection: keep-alive
TIME-STAMP: 120
Content-Type: application/json
Content-Length: 394

{"id":"IDS60903","name":"Brisbane","state":"QLD","time_zone":"IST","lat":"52.95857596345522","lon":"144.44061702705312","local_date_time":null,"local_date_time_full":"20231172410328","air_temp":"-0.5997399322131187","apparent_t":"24.408690831368787","cloud":"Overcast","dewpt":"22.468347437626974","press":"937.464883351973","rel_hum":"80","wind_dir":"E","wind_spd_kmh":"13","wind_spd_kt":"11"}
Oct 08, 2023 2:41:36 PM src.CS main
INFO: Server processed request immidiately.
Oct 08, 2023 2:41:37 PM src.CS main
INFO: 
Sending reqeuest to AS.PUT / HTTP/1.1
Host: localhost
Connection: keep-alive
TIME-STAMP: 128
Content-Type: application/json
Content-Length: 389

{"id":"IDS60904","name":"Melbourne","state":"VIC","time_zone":"GMT","lat":"-84.84319528725621","lon":"-69.46712824670232","local_date_time":null,"local_date_time_full":"2023685932932","air_temp":"19.97344051360012","apparent_t":"7.944398817064744","cloud":"Clear","dewpt":"11.448320323216947","press":"960.4267227513479","rel_hum":"12","wind_dir":"SE","wind_spd_kmh":"1","wind_spd_kt":"1"}
Oct 08, 2023 2:41:37 PM src.CS main
INFO: Server processed request immidiately.
Oct 08, 2023 2:41:38 PM src.CS main
INFO: 
Sending reqeuest to AS.PUT / HTTP/1.1
Host: localhost
Connection: keep-alive
TIME-STAMP: 136
Content-Type: application/json
Content-Length: 394

{"id":"IDS60905","name":"Perth","state":"WA","time_zone":"AEDT","lat":"-17.15879423403355","lon":"-36.67367807269471","local_date_time":null,"local_date_time_full":"20231038014503","air_temp":"9.244759765144849","apparent_t":"20.36995741804266","cloud":"Partly cloudy","dewpt":"23.042178951803322","press":"1058.8563052425284","rel_hum":"3","wind_dir":"NE","wind_spd_kmh":"1","wind_spd_kt":"7"}
Oct 08, 2023 2:41:38 PM src.CS main
INFO: Server processed request immidiately.
Oct 08, 2023 2:41:39 PM src.CS main
INFO: 
Sending reqeuest to AS.PUT / HTTP/1.1
Host: localhost
Connection: keep-alive
TIME-STAMP: 144
Content-Type: application/json
Content-Length: 403

{"id":"IDS60906","name":"Mount Gambier","state":"SA","time_zone":"CST","lat":"-34.605948042683906","lon":"-6.997096861765243","local_date_time":null,"local_date_time_full":"20231117135810","air_temp":"30.828611030692144","apparent_t":"26.23926007803086","cloud":"Partly cloudy","dewpt":"-1.5277480042770861","press":"993.7006355015927","rel_hum":"3","wind_dir":"W","wind_spd_kmh":"27","wind_spd_kt":"4"}
Oct 08, 2023 2:41:39 PM src.CS main
INFO: Server processed request immidiately.
Oct 08, 2023 2:41:40 PM src.CS main
INFO: 
Sending reqeuest to AS.PUT / HTTP/1.1
Host: localhost
Connection: keep-alive
TIME-STAMP: 152
Content-Type: application/json
Content-Length: 398

{"id":"IDS60907","name":"Newcastle","state":"NSW","time_zone":"ECT","lat":"22.906440616517727","lon":"-89.50598451353426","local_date_time":null,"local_date_time_full":"202335663384","air_temp":"12.175620440169197","apparent_t":"-5.565203237000674","cloud":"Partly cloudy","dewpt":"22.18817002414834","press":"968.3919509126547","rel_hum":"55","wind_dir":"S","wind_spd_kmh":"12","wind_spd_kt":"10"}
Oct 08, 2023 2:41:40 PM src.CS main
INFO: Server processed request immidiately.
Oct 08, 2023 2:41:41 PM src.CS main
INFO: 
Sending reqeuest to AS.PUT / HTTP/1.1
Host: localhost
Connection: keep-alive
TIME-STAMP: 160
Content-Type: application/json
Content-Length: 392

{"id":"IDS60908","name":"Gold Coast","state":"QLD","time_zone":"CST","lat":"-89.2186516507558","lon":"-140.71030355914962","local_date_time":null,"local_date_time_full":"202310907224926","air_temp":"4.98086876111725","apparent_t":"32.94417516001293","cloud":"Clear","dewpt":"-8.58468217552662","press":"1049.4533917807107","rel_hum":"45","wind_dir":"SW","wind_spd_kmh":"2","wind_spd_kt":"10"}
Oct 08, 2023 2:41:41 PM src.CS main
INFO: Server processed request immidiately.
Oct 08, 2023 2:41:42 PM src.CS main
INFO: 
Sending reqeuest to AS.PUT / HTTP/1.1
Host: localhost
Connection: keep-alive
TIME-STAMP: 168
Content-Type: application/json
Content-Length: 396

{"id":"IDS60909","name":"Geelong","state":"VIC","time_zone":"JST","lat":"87.45087916281983","lon":"-14.14433913671624","local_date_time":null,"local_date_time_full":"2023864414290","air_temp":"31.3473130729867","apparent_t":"11.25836955301219","cloud":"Mostly cloudy","dewpt":"-4.135238551953075","press":"1088.7741936551404","rel_hum":"25","wind_dir":"SE","wind_spd_kmh":"29","wind_spd_kt":"15"}
Oct 08, 2023 2:41:42 PM src.CS main
INFO: Server processed request immidiately.
Oct 08, 2023 2:41:43 PM src.CS main
INFO: 
Sending reqeuest to AS.PUT / HTTP/1.1
Host: localhost
Connection: keep-alive
TIME-STAMP: 176
Content-Type: application/json
Content-Length: 388

{"id":"IDS60910","name":"Fremantle","state":"WA","time_zone":"PST","lat":"-76.39081783678871","lon":"-51.40410238196873","local_date_time":null,"local_date_time_full":"202387872623","air_temp":"36.3785505883375","apparent_t":"16.956957179809386","cloud":"Clear","dewpt":"14.329503084370437","press":"956.2274977239136","rel_hum":"76","wind_dir":"E","wind_spd_kmh":"21","wind_spd_kt":"19"}
Oct 08, 2023 2:41:43 PM src.CS main
INFO: Server processed request immidiately.
Oct 08, 2023 2:41:44 PM src.CS main
INFO: CS 7 shutting down.
