Oct 08, 2023 5:28:25 PM src.CS main
INFO: Log File for CS 2

Oct 08, 2023 5:28:25 PM src.CS main
INFO: Starting CS 2

Oct 08, 2023 5:28:26 PM src.CS main
INFO: 
Sending reqeuest to AS.
PUT / HTTP/1.1
Host: localhost
Connection: keep-alive
TIME-STAMP: 0
Content-Type: application/json
Content-Length: 403

{"id":"IDS60901","name":"Adelaide","state":"SA","time_zone":"AEDT","lat":"56.18193996646909","lon":"146.17850582309376","local_date_time":"6/11:4pm","local_date_time_full":"202327802157","air_temp":"28.632383273137506","apparent_t":"19.461921040513527","cloud":"Mostly cloudy","dewpt":"13.928032148960977","press":"1028.2467898024695","rel_hum":"57","wind_dir":"W","wind_spd_kmh":"29","wind_spd_kt":"7"}

Oct 08, 2023 5:28:26 PM src.CS main
INFO: Server processed request immidiately.

Oct 08, 2023 5:28:27 PM src.CS main
INFO: 
Sending reqeuest to AS.
PUT / HTTP/1.1
Host: localhost
Connection: keep-alive
TIME-STAMP: 9
Content-Type: application/json
Content-Length: 406

{"id":"IDS60902","name":"Sydney","state":"NSW","time_zone":"PST","lat":"-24.518796588859644","lon":"92.92457032205158","local_date_time":"17/6:27pm","local_date_time_full":"202310182162729","air_temp":"18.458109383974673","apparent_t":"10.497757506998727","cloud":"Partly cloudy","dewpt":"24.918068342592427","press":"965.7798866049039","rel_hum":"74","wind_dir":"S","wind_spd_kmh":"19","wind_spd_kt":"17"}

Oct 08, 2023 5:28:27 PM src.CS main
INFO: Server processed request immidiately.

Oct 08, 2023 5:28:28 PM src.CS main
INFO: 
Sending reqeuest to AS.
PUT / HTTP/1.1
Host: localhost
Connection: keep-alive
TIME-STAMP: 25
Content-Type: application/json
Content-Length: 396

{"id":"IDS60903","name":"Brisbane","state":"QLD","time_zone":"PST","lat":"14.243689700734208","lon":"-62.77379151120314","local_date_time":"3/9:19pm","local_date_time_full":"2023174685149","air_temp":"29.09139764361617","apparent_t":"28.369767842994413","cloud":"Clear","dewpt":"1.0383899379500008","press":"972.5532390454846","rel_hum":"7","wind_dir":"NE","wind_spd_kmh":"22","wind_spd_kt":"11"}

Oct 08, 2023 5:28:28 PM src.CS main
INFO: Server processed request immidiately.

Oct 08, 2023 5:28:29 PM src.CS main
INFO: 
Sending reqeuest to AS.
PUT / HTTP/1.1
Host: localhost
Connection: keep-alive
TIME-STAMP: 31
Content-Type: application/json
Content-Length: 406

{"id":"IDS60904","name":"Melbourne","state":"VIC","time_zone":"EST","lat":"18.27884802964327","lon":"131.41124573618754","local_date_time":"10/7:21pm","local_date_time_full":"202321441716","air_temp":"0.7427020527038959","apparent_t":"0.8999096666321513","cloud":"Mostly cloudy","dewpt":"29.704915244393845","press":"1065.6553697705608","rel_hum":"11","wind_dir":"E","wind_spd_kmh":"15","wind_spd_kt":"19"}

Oct 08, 2023 5:28:29 PM src.CS main
INFO: Server processed request immidiately.

Oct 08, 2023 5:28:30 PM src.CS main
INFO: 
Sending reqeuest to AS.
PUT / HTTP/1.1
Host: localhost
Connection: keep-alive
TIME-STAMP: 43
Content-Type: application/json
Content-Length: 397

{"id":"IDS60905","name":"Perth","state":"WA","time_zone":"GMT","lat":"69.83152821534844","lon":"121.24435608641011","local_date_time":"11/9:45pm","local_date_time_full":"20236803225651","air_temp":"8.23035146769622","apparent_t":"29.160780707733778","cloud":"Partly cloudy","dewpt":"12.30022417995356","press":"956.6300964514162","rel_hum":"7","wind_dir":"S","wind_spd_kmh":"1","wind_spd_kt":"11"}

Oct 08, 2023 5:28:30 PM src.CS main
INFO: Server processed request immidiately.

Oct 08, 2023 5:28:31 PM src.CS main
INFO: 
Sending reqeuest to AS.
PUT / HTTP/1.1
Host: localhost
Connection: keep-alive
TIME-STAMP: 55
Content-Type: application/json
Content-Length: 408

{"id":"IDS60906","name":"Mount Gambier","state":"SA","time_zone":"PST","lat":"81.96188740151291","lon":"-31.705389185749112","local_date_time":"8/7:35pm","local_date_time_full":"2023128442553","air_temp":"21.396971184493655","apparent_t":"-5.8906111803032974","cloud":"Mostly cloudy","dewpt":"5.863581028690103","press":"958.5163974182375","rel_hum":"7","wind_dir":"NE","wind_spd_kmh":"25","wind_spd_kt":"9"}

Oct 08, 2023 5:28:31 PM src.CS main
INFO: Server processed request immidiately.

Oct 08, 2023 5:28:32 PM src.CS main
INFO: 
Sending reqeuest to AS.
PUT / HTTP/1.1
Host: localhost
Connection: keep-alive
TIME-STAMP: 67
Content-Type: application/json
Content-Length: 399

{"id":"IDS60907","name":"Newcastle","state":"NSW","time_zone":"ECT","lat":"80.19718408015737","lon":"-28.469085410978494","local_date_time":"8/10:36pm","local_date_time_full":"202332332007","air_temp":"12.01718862657578","apparent_t":"12.506490930486265","cloud":"Overcast","dewpt":"4.820364131098334","press":"1017.9708542662597","rel_hum":"12","wind_dir":"SE","wind_spd_kmh":"8","wind_spd_kt":"5"}

Oct 08, 2023 5:28:32 PM src.CS main
INFO: Server processed request immidiately.

Oct 08, 2023 5:28:33 PM src.CS main
INFO: 
Sending reqeuest to AS.
PUT / HTTP/1.1
Host: localhost
Connection: keep-alive
TIME-STAMP: 79
Content-Type: application/json
Content-Length: 407

{"id":"IDS60908","name":"Gold Coast","state":"QLD","time_zone":"ECT","lat":"-31.783648196417246","lon":"-136.44809368989144","local_date_time":"3/5:13pm","local_date_time_full":"202311147154412","air_temp":"-9.043293800648518","apparent_t":"12.710160515548527","cloud":"Overcast","dewpt":"16.194500431183304","press":"1008.489560316468","rel_hum":"22","wind_dir":"SW","wind_spd_kmh":"18","wind_spd_kt":"11"}

Oct 08, 2023 5:28:33 PM src.CS main
INFO: Server processed request immidiately.

Oct 08, 2023 5:28:34 PM src.CS main
INFO: 
Sending reqeuest to AS.
PUT / HTTP/1.1
Host: localhost
Connection: keep-alive
TIME-STAMP: 91
Content-Type: application/json
Content-Length: 397

{"id":"IDS60909","name":"Geelong","state":"VIC","time_zone":"EST","lat":"-61.58978526145546","lon":"74.08337429376482","local_date_time":"25/8:8pm","local_date_time_full":"2023218391655","air_temp":"13.688503635921599","apparent_t":"32.231111333503094","cloud":"Overcast","dewpt":"17.41157733478503","press":"944.3790707855153","rel_hum":"50","wind_dir":"N","wind_spd_kmh":"26","wind_spd_kt":"10"}

Oct 08, 2023 5:28:34 PM src.CS main
INFO: Server processed request immidiately.

Oct 08, 2023 5:28:35 PM src.CS main
INFO: 
Sending reqeuest to AS.
PUT / HTTP/1.1
Host: localhost
Connection: keep-alive
TIME-STAMP: 103
Content-Type: application/json
Content-Length: 391

{"id":"IDS60910","name":"Fremantle","state":"WA","time_zone":"GMT","lat":"40.36729778024366","lon":"-23.14724764451313","local_date_time":"3/8:40pm","local_date_time_full":"20232919204340","air_temp":"29.430147581549","apparent_t":"15.548617281186285","cloud":"Clear","dewpt":"17.71435995881951","press":"1030.008960078483","rel_hum":"38","wind_dir":"S","wind_spd_kmh":"7","wind_spd_kt":"0"}

Oct 08, 2023 5:28:35 PM src.CS main
INFO: Server processed request immidiately.

Oct 08, 2023 5:28:36 PM src.CS main
INFO: CS 2 shutting down.
