Oct 08, 2023 2:41:23 PM src.CS main
INFO: Log File for CS 6
Oct 08, 2023 2:41:23 PM src.CS main
INFO: Starting CS 6
Oct 08, 2023 2:41:24 PM src.CS main
INFO: 
Sending reqeuest to AS.PUT / HTTP/1.1
Host: localhost
Connection: keep-alive
TIME-STAMP: 0
Content-Type: application/json
Content-Length: 391

{"id":"IDS60901","name":"Adelaide","state":"SA","time_zone":"IST","lat":"70.97722004341986","lon":"-2.072966551203507","local_date_time":null,"local_date_time_full":"20236517222124","air_temp":"8.436621072574312","apparent_t":"24.71763512504259","cloud":"Overcast","dewpt":"19.16257856573197","press":"1014.7674541274359","rel_hum":"29","wind_dir":"NE","wind_spd_kmh":"6","wind_spd_kt":"18"}
Oct 08, 2023 2:41:24 PM src.CS main
INFO: Server processed request immidiately.
Oct 08, 2023 2:41:25 PM src.CS main
INFO: 
Sending reqeuest to AS.PUT / HTTP/1.1
Host: localhost
Connection: keep-alive
TIME-STAMP: 10
Content-Type: application/json
Content-Length: 392

{"id":"IDS60902","name":"Sydney","state":"NSW","time_zone":"EST","lat":"-64.41813459375713","lon":"44.472127967371705","local_date_time":null,"local_date_time_full":"202312848153234","air_temp":"8.439305000305101","apparent_t":"6.328728543346461","cloud":"Overcast","dewpt":"26.84876323435394","press":"1040.8501888699489","rel_hum":"63","wind_dir":"NW","wind_spd_kmh":"4","wind_spd_kt":"14"}
Oct 08, 2023 2:41:25 PM src.CS main
INFO: Server processed request immidiately.
Oct 08, 2023 2:41:26 PM src.CS main
INFO: 
Sending reqeuest to AS.PUT / HTTP/1.1
Host: localhost
Connection: keep-alive
TIME-STAMP: 22
Content-Type: application/json
Content-Length: 394

{"id":"IDS60903","name":"Brisbane","state":"QLD","time_zone":"PST","lat":"-84.76374757053512","lon":"-37.004110709627156","local_date_time":null,"local_date_time_full":"202325225131","air_temp":"13.064998296297723","apparent_t":"7.131923429206076","cloud":"Overcast","dewpt":"13.266746553909023","press":"1098.8889285193577","rel_hum":"40","wind_dir":"NW","wind_spd_kmh":"12","wind_spd_kt":"3"}
Oct 08, 2023 2:41:26 PM src.CS main
INFO: Server processed request immidiately.
Oct 08, 2023 2:41:27 PM src.CS main
INFO: 
Sending reqeuest to AS.PUT / HTTP/1.1
Host: localhost
Connection: keep-alive
TIME-STAMP: 28
Content-Type: application/json
Content-Length: 400

{"id":"IDS60904","name":"Melbourne","state":"VIC","time_zone":"GMT","lat":"19.012356039095224","lon":"21.9517285905481","local_date_time":null,"local_date_time_full":"20232893215144","air_temp":"-7.499681265220673","apparent_t":"-6.225567399633716","cloud":"Partly cloudy","dewpt":"-4.286889104320566","press":"1000.2036088787318","rel_hum":"84","wind_dir":"SW","wind_spd_kmh":"20","wind_spd_kt":"7"}
Oct 08, 2023 2:41:27 PM src.CS main
INFO: Server processed request immidiately.
Oct 08, 2023 2:41:28 PM src.CS main
INFO: 
Sending reqeuest to AS.PUT / HTTP/1.1
Host: localhost
Connection: keep-alive
TIME-STAMP: 40
Content-Type: application/json
Content-Length: 383

{"id":"IDS60905","name":"Perth","state":"WA","time_zone":"PST","lat":"-69.30872513109802","lon":"142.16146662470214","local_date_time":null,"local_date_time_full":"2023328183532","air_temp":"7.525747686016306","apparent_t":"33.809955804340525","cloud":"Clear","dewpt":"-8.675896157247834","press":"908.3345198048169","rel_hum":"5","wind_dir":"W","wind_spd_kmh":"6","wind_spd_kt":"4"}
Oct 08, 2023 2:41:28 PM src.CS main
INFO: Server processed request immidiately.
Oct 08, 2023 2:41:29 PM src.CS main
INFO: 
Sending reqeuest to AS.PUT / HTTP/1.1
Host: localhost
Connection: keep-alive
TIME-STAMP: 44
Content-Type: application/json
Content-Length: 400

{"id":"IDS60906","name":"Mount Gambier","state":"SA","time_zone":"GMT","lat":"46.0778494849105","lon":"-118.74408524861747","local_date_time":null,"local_date_time_full":"202341672033","air_temp":"35.670347260609205","apparent_t":"-5.107344908497227","cloud":"Mostly cloudy","dewpt":"28.756200974068932","press":"1070.021675584639","rel_hum":"28","wind_dir":"SW","wind_spd_kmh":"6","wind_spd_kt":"7"}
Oct 08, 2023 2:41:29 PM src.CS main
INFO: Server processed request immidiately.
Oct 08, 2023 2:41:30 PM src.CS main
INFO: 
Sending reqeuest to AS.PUT / HTTP/1.1
Host: localhost
Connection: keep-alive
TIME-STAMP: 56
Content-Type: application/json
Content-Length: 395

{"id":"IDS60907","name":"Newcastle","state":"NSW","time_zone":"PST","lat":"48.51004613611258","lon":"76.14221276010562","local_date_time":null,"local_date_time_full":"2023928433314","air_temp":"17.746921679806213","apparent_t":"7.868499685227686","cloud":"Mostly cloudy","dewpt":"6.126774430727394","press":"962.1359309195375","rel_hum":"70","wind_dir":"SW","wind_spd_kmh":"7","wind_spd_kt":"9"}
Oct 08, 2023 2:41:30 PM src.CS main
INFO: Server processed request immidiately.
Oct 08, 2023 2:41:31 PM src.CS main
INFO: 
Sending reqeuest to AS.PUT / HTTP/1.1
Host: localhost
Connection: keep-alive
TIME-STAMP: 68
Content-Type: application/json
Content-Length: 395

{"id":"IDS60908","name":"Gold Coast","state":"QLD","time_zone":"PST","lat":"75.73019905359817","lon":"4.21695867184971","local_date_time":null,"local_date_time_full":"202313139216","air_temp":"27.66833296498462","apparent_t":"24.118288989118398","cloud":"Partly cloudy","dewpt":"21.47097824996613","press":"917.1411538431215","rel_hum":"58","wind_dir":"N","wind_spd_kmh":"25","wind_spd_kt":"15"}
Oct 08, 2023 2:41:31 PM src.CS main
INFO: Server processed request immidiately.
Oct 08, 2023 2:41:32 PM src.CS main
INFO: 
Sending reqeuest to AS.PUT / HTTP/1.1
Host: localhost
Connection: keep-alive
TIME-STAMP: 89
Content-Type: application/json
Content-Length: 388

{"id":"IDS60909","name":"Geelong","state":"VIC","time_zone":"ECT","lat":"60.36724719235349","lon":"51.27065556754525","local_date_time":null,"local_date_time_full":"2023456484542","air_temp":"35.291352293572615","apparent_t":"-8.694499831707965","cloud":"Clear","dewpt":"27.635005137803233","press":"1063.2996393913788","rel_hum":"56","wind_dir":"E","wind_spd_kmh":"4","wind_spd_kt":"19"}
Oct 08, 2023 2:41:32 PM src.CS main
INFO: Server processed request immidiately.
Oct 08, 2023 2:41:33 PM src.CS main
INFO: 
Sending reqeuest to AS.PUT / HTTP/1.1
Host: localhost
Connection: keep-alive
TIME-STAMP: 92
Content-Type: application/json
Content-Length: 390

{"id":"IDS60910","name":"Fremantle","state":"WA","time_zone":"CST","lat":"-56.51380477220646","lon":"147.50557237330673","local_date_time":null,"local_date_time_full":"20239714233530","air_temp":"31.69266409361169","apparent_t":"10.793408612855043","cloud":"Clear","dewpt":"25.43996148423694","press":"920.7157325111667","rel_hum":"78","wind_dir":"NE","wind_spd_kmh":"18","wind_spd_kt":"1"}
Oct 08, 2023 2:41:33 PM src.CS main
INFO: Server processed request immidiately.
Oct 08, 2023 2:41:34 PM src.CS main
INFO: CS 6 shutting down.
