Oct 08, 2023 5:01:02 PM src.GETClient main
INFO: Log File for Client 8

Oct 08, 2023 5:01:02 PM src.GETClient main
INFO: 
Sending reqeuest to AS.
GET / HTTP/1.1
Host: localhost
Connection: keep-alive
TIME-STAMP: 203
CITY-ID: IDS60907


Oct 08, 2023 5:01:02 PM src.GETClient main
INFO: Server processed request immidiately.

Oct 08, 2023 5:01:02 PM src.GETClient processRequest
INFO: Response from server:
id: IDS60907
name: Newcastle
state: NSW
time_zone: EST
lat: -60.6695091345361
lon: -40.0568489404842
local_date_time: null
local_date_time_full: 20235977101717
air_temp: 22.00544815024692
apparent_t: 34.195048225099264
cloud: Partly cloudy
dewpt: 25.08031994754939
press: 912.1586385006063
rel_hum: 52
wind_dir: N
wind_spd_kmh: 1
wind_spd_kt: 11

Oct 08, 2023 5:01:03 PM src.GETClient main
INFO: 
Sending reqeuest to AS.
GET / HTTP/1.1
Host: localhost
Connection: keep-alive
TIME-STAMP: 205
CITY-ID: IDS60909


Oct 08, 2023 5:01:03 PM src.GETClient main
INFO: Server processed request immidiately.

Oct 08, 2023 5:01:03 PM src.GETClient processRequest
INFO: Response from server:
id: IDS60909
name: Geelong
state: VIC
time_zone: AEDT
lat: 48.91134299043367
lon: -137.76280384979987
local_date_time: null
local_date_time_full: 2023625612416
air_temp: 35.16989279710072
apparent_t: -0.4758991719675052
cloud: Overcast
dewpt: 2.9832523903753163
press: 1056.8078148064683
rel_hum: 35
wind_dir: NW
wind_spd_kmh: 28
wind_spd_kt: 17

Oct 08, 2023 5:01:04 PM src.GETClient main
INFO: 
Sending reqeuest to AS.
GET / HTTP/1.1
Host: localhost
Connection: keep-alive
TIME-STAMP: 207
CITY-ID: IDS60906


Oct 08, 2023 5:01:04 PM src.GETClient main
INFO: Server processed request immidiately.

Oct 08, 2023 5:01:04 PM src.GETClient processRequest
INFO: Response from server:
id: IDS60906
name: Mount Gambier
state: SA
time_zone: GMT
lat: 75.35636664690321
lon: 172.02012048694763
local_date_time: null
local_date_time_full: 202312283151912
air_temp: -2.814859392997123
apparent_t: 32.871370971991425
cloud: Overcast
dewpt: -7.666810488580911
press: 914.176484947375
rel_hum: 91
wind_dir: S
wind_spd_kmh: 21
wind_spd_kt: 12

Oct 08, 2023 5:01:05 PM src.GETClient main
INFO: 
Sending reqeuest to AS.
GET / HTTP/1.1
Host: localhost
Connection: keep-alive
TIME-STAMP: 209
CITY-ID: IDS60907


Oct 08, 2023 5:01:05 PM src.GETClient main
INFO: Waiting for server.

Oct 08, 2023 5:01:05 PM src.GETClient processRequest
INFO: Response from server:
id: IDS60907
name: Newcastle
state: NSW
time_zone: EST
lat: -60.6695091345361
lon: -40.0568489404842
local_date_time: null
local_date_time_full: 20235977101717
air_temp: 22.00544815024692
apparent_t: 34.195048225099264
cloud: Partly cloudy
dewpt: 25.08031994754939
press: 912.1586385006063
rel_hum: 52
wind_dir: N
wind_spd_kmh: 1
wind_spd_kt: 11

Oct 08, 2023 5:01:05 PM src.GETClient main
INFO: Client updated timestamp after processing request: 211

Oct 08, 2023 5:01:06 PM src.GETClient main
INFO: 
Sending reqeuest to AS.
GET / HTTP/1.1
Host: localhost
Connection: keep-alive
TIME-STAMP: 211
CITY-ID: IDS60905


Oct 08, 2023 5:01:06 PM src.GETClient main
INFO: Waiting for server.

Oct 08, 2023 5:01:06 PM src.GETClient processRequest
INFO: Response from server:
id: IDS60905
name: Perth
state: WA
time_zone: AEDT
lat: 80.98006600396687
lon: 173.7084020686861
local_date_time: null
local_date_time_full: 20239628192932
air_temp: -4.104280505086385
apparent_t: 34.78859858386215
cloud: Overcast
dewpt: 7.120984237775826
press: 1039.8061691895302
rel_hum: 9
wind_dir: E
wind_spd_kmh: 7
wind_spd_kt: 5

Oct 08, 2023 5:01:06 PM src.GETClient main
INFO: Client updated timestamp after processing request: 212

Oct 08, 2023 5:01:07 PM src.GETClient main
INFO: 
Sending reqeuest to AS.
GET / HTTP/1.1
Host: localhost
Connection: keep-alive
TIME-STAMP: 213
CITY-ID: IDS60909


Oct 08, 2023 5:01:07 PM src.GETClient main
INFO: Server processed request immidiately.

Oct 08, 2023 5:01:07 PM src.GETClient processRequest
INFO: Response from server:
id: IDS60909
name: Geelong
state: VIC
time_zone: AEDT
lat: 48.91134299043367
lon: -137.76280384979987
local_date_time: null
local_date_time_full: 2023625612416
air_temp: 35.16989279710072
apparent_t: -0.4758991719675052
cloud: Overcast
dewpt: 2.9832523903753163
press: 1056.8078148064683
rel_hum: 35
wind_dir: NW
wind_spd_kmh: 28
wind_spd_kt: 17

Oct 08, 2023 5:01:08 PM src.GETClient main
INFO: 
Sending reqeuest to AS.
GET / HTTP/1.1
Host: localhost
Connection: keep-alive
TIME-STAMP: 215
CITY-ID: IDS60905


Oct 08, 2023 5:01:08 PM src.GETClient main
INFO: Waiting for server.

Oct 08, 2023 5:01:08 PM src.GETClient processRequest
INFO: Response from server:
id: IDS60905
name: Perth
state: WA
time_zone: AEDT
lat: 80.98006600396687
lon: 173.7084020686861
local_date_time: null
local_date_time_full: 20239628192932
air_temp: -4.104280505086385
apparent_t: 34.78859858386215
cloud: Overcast
dewpt: 7.120984237775826
press: 1039.8061691895302
rel_hum: 9
wind_dir: E
wind_spd_kmh: 7
wind_spd_kt: 5

Oct 08, 2023 5:01:08 PM src.GETClient main
INFO: Client updated timestamp after processing request: 217

Oct 08, 2023 5:01:09 PM src.GETClient main
INFO: 
Sending reqeuest to AS.
GET / HTTP/1.1
Host: localhost
Connection: keep-alive
TIME-STAMP: 217
CITY-ID: IDS60902


Oct 08, 2023 5:01:09 PM src.GETClient main
INFO: Waiting for server.

Oct 08, 2023 5:01:09 PM src.GETClient processRequest
INFO: Response from server:
id: IDS60902
name: Sydney
state: NSW
time_zone: CST
lat: 12.87497691691371
lon: -174.2833693761945
local_date_time: null
local_date_time_full: 202310271131421
air_temp: 7.148891611056278
apparent_t: -2.1354767617619252
cloud: Mostly cloudy
dewpt: 12.185182957906456
press: 981.8463098694488
rel_hum: 66
wind_dir: E
wind_spd_kmh: 0
wind_spd_kt: 16

Oct 08, 2023 5:01:09 PM src.GETClient main
INFO: Client updated timestamp after processing request: 219

Oct 08, 2023 5:01:10 PM src.GETClient main
INFO: 
Sending reqeuest to AS.
GET / HTTP/1.1
Host: localhost
Connection: keep-alive
TIME-STAMP: 219
CITY-ID: IDS60904


Oct 08, 2023 5:01:10 PM src.GETClient main
INFO: Waiting for server.

Oct 08, 2023 5:01:10 PM src.GETClient processRequest
INFO: Response from server:
id: IDS60904
name: Melbourne
state: VIC
time_zone: ECT
lat: 75.50527838173508
lon: 114.25906014962862
local_date_time: null
local_date_time_full: 2023689141336
air_temp: 33.11232156009084
apparent_t: -9.53675212231885
cloud: Partly cloudy
dewpt: -4.993505332281769
press: 968.5050165194993
rel_hum: 2
wind_dir: SW
wind_spd_kmh: 24
wind_spd_kt: 2

Oct 08, 2023 5:01:10 PM src.GETClient main
INFO: Client updated timestamp after processing request: 221

Oct 08, 2023 5:01:11 PM src.GETClient main
INFO: 
Sending reqeuest to AS.
GET / HTTP/1.1
Host: localhost
Connection: keep-alive
TIME-STAMP: 221
CITY-ID: IDS60908


Oct 08, 2023 5:01:11 PM src.GETClient main
INFO: Server processed request immidiately.

Oct 08, 2023 5:01:11 PM src.GETClient processRequest
INFO: Response from server:
id: IDS60908
name: Gold Coast
state: QLD
time_zone: EST
lat: -9.566284107032772
lon: -67.43488248761159
local_date_time: null
local_date_time_full: 2023980232936
air_temp: 19.47793521120843
apparent_t: 37.55226151636861
cloud: Partly cloudy
dewpt: 6.539283680904909
press: 955.6783205768912
rel_hum: 23
wind_dir: S
wind_spd_kmh: 4
wind_spd_kt: 12

Oct 08, 2023 5:01:12 PM src.GETClient main
INFO: 
Sending reqeuest to AS.
GET / HTTP/1.1
Host: localhost
Connection: keep-alive
TIME-STAMP: 223
CITY-ID: IDS60907


Oct 08, 2023 5:01:12 PM src.GETClient main
INFO: Server processed request immidiately.

Oct 08, 2023 5:01:12 PM src.GETClient processRequest
INFO: Response from server:
id: IDS60907
name: Newcastle
state: NSW
time_zone: EST
lat: -60.6695091345361
lon: -40.0568489404842
local_date_time: null
local_date_time_full: 20235977101717
air_temp: 22.00544815024692
apparent_t: 34.195048225099264
cloud: Partly cloudy
dewpt: 25.08031994754939
press: 912.1586385006063
rel_hum: 52
wind_dir: N
wind_spd_kmh: 1
wind_spd_kt: 11

Oct 08, 2023 5:01:13 PM src.GETClient main
INFO: 
Sending reqeuest to AS.
GET / HTTP/1.1
Host: localhost
Connection: keep-alive
TIME-STAMP: 225
CITY-ID: IDS60902


Oct 08, 2023 5:01:13 PM src.GETClient main
INFO: Waiting for server.

Oct 08, 2023 5:01:13 PM src.GETClient processRequest
INFO: Response from server:
id: IDS60902
name: Sydney
state: NSW
time_zone: CST
lat: 12.87497691691371
lon: -174.2833693761945
local_date_time: null
local_date_time_full: 202310271131421
air_temp: 7.148891611056278
apparent_t: -2.1354767617619252
cloud: Mostly cloudy
dewpt: 12.185182957906456
press: 981.8463098694488
rel_hum: 66
wind_dir: E
wind_spd_kmh: 0
wind_spd_kt: 16

Oct 08, 2023 5:01:13 PM src.GETClient main
INFO: Client updated timestamp after processing request: 226

Oct 08, 2023 5:01:14 PM src.GETClient main
INFO: 
Sending reqeuest to AS.
GET / HTTP/1.1
Host: localhost
Connection: keep-alive
TIME-STAMP: 227
CITY-ID: IDS60910


Oct 08, 2023 5:01:14 PM src.GETClient main
INFO: Server processed request immidiately.

Oct 08, 2023 5:01:14 PM src.GETClient processRequest
INFO: Response from server:
id: IDS60910
name: Fremantle
state: WA
time_zone: GMT
lat: -15.250384825325128
lon: -94.98190333966869
local_date_time: null
local_date_time_full: 20234393103623
air_temp: 17.231380744713913
apparent_t: 3.145474462038454
cloud: Mostly cloudy
dewpt: 6.7805934647647526
press: 909.256964597011
rel_hum: 61
wind_dir: E
wind_spd_kmh: 15
wind_spd_kt: 14

Oct 08, 2023 5:01:15 PM src.GETClient main
INFO: 
Sending reqeuest to AS.
GET / HTTP/1.1
Host: localhost
Connection: keep-alive
TIME-STAMP: 229
CITY-ID: IDS60906


Oct 08, 2023 5:01:15 PM src.GETClient main
INFO: Server processed request immidiately.

Oct 08, 2023 5:01:15 PM src.GETClient processRequest
INFO: Response from server:
id: IDS60906
name: Mount Gambier
state: SA
time_zone: GMT
lat: 75.35636664690321
lon: 172.02012048694763
local_date_time: null
local_date_time_full: 202312283151912
air_temp: -2.814859392997123
apparent_t: 32.871370971991425
cloud: Overcast
dewpt: -7.666810488580911
press: 914.176484947375
rel_hum: 91
wind_dir: S
wind_spd_kmh: 21
wind_spd_kt: 12

Oct 08, 2023 5:01:16 PM src.GETClient main
INFO: 
Sending reqeuest to AS.
GET / HTTP/1.1
Host: localhost
Connection: keep-alive
TIME-STAMP: 231
CITY-ID: IDS60907


Oct 08, 2023 5:01:16 PM src.GETClient main
INFO: Waiting for server.

Oct 08, 2023 5:01:16 PM src.GETClient processRequest
INFO: Response from server:
id: IDS60907
name: Newcastle
state: NSW
time_zone: EST
lat: -60.6695091345361
lon: -40.0568489404842
local_date_time: null
local_date_time_full: 20235977101717
air_temp: 22.00544815024692
apparent_t: 34.195048225099264
cloud: Partly cloudy
dewpt: 25.08031994754939
press: 912.1586385006063
rel_hum: 52
wind_dir: N
wind_spd_kmh: 1
wind_spd_kt: 11

Oct 08, 2023 5:01:16 PM src.GETClient main
INFO: Client updated timestamp after processing request: 233

Oct 08, 2023 5:01:17 PM src.GETClient main
INFO: 
Sending reqeuest to AS.
GET / HTTP/1.1
Host: localhost
Connection: keep-alive
TIME-STAMP: 233
CITY-ID: IDS60906


Oct 08, 2023 5:01:17 PM src.GETClient main
INFO: Server processed request immidiately.

Oct 08, 2023 5:01:17 PM src.GETClient processRequest
INFO: Response from server:
id: IDS60906
name: Mount Gambier
state: SA
time_zone: GMT
lat: 75.35636664690321
lon: 172.02012048694763
local_date_time: null
local_date_time_full: 202312283151912
air_temp: -2.814859392997123
apparent_t: 32.871370971991425
cloud: Overcast
dewpt: -7.666810488580911
press: 914.176484947375
rel_hum: 91
wind_dir: S
wind_spd_kmh: 21
wind_spd_kt: 12

Oct 08, 2023 5:01:18 PM src.GETClient main
INFO: 
Sending reqeuest to AS.
GET / HTTP/1.1
Host: localhost
Connection: keep-alive
TIME-STAMP: 235
CITY-ID: IDS60908


Oct 08, 2023 5:01:18 PM src.GETClient main
INFO: Waiting for server.

Oct 08, 2023 5:01:18 PM src.GETClient processRequest
INFO: Response from server:
id: IDS60908
name: Gold Coast
state: QLD
time_zone: EST
lat: -9.566284107032772
lon: -67.43488248761159
local_date_time: null
local_date_time_full: 2023980232936
air_temp: 19.47793521120843
apparent_t: 37.55226151636861
cloud: Partly cloudy
dewpt: 6.539283680904909
press: 955.6783205768912
rel_hum: 23
wind_dir: S
wind_spd_kmh: 4
wind_spd_kt: 12

Oct 08, 2023 5:01:18 PM src.GETClient main
INFO: Client updated timestamp after processing request: 236

Oct 08, 2023 5:01:19 PM src.GETClient main
INFO: 
Sending reqeuest to AS.
GET / HTTP/1.1
Host: localhost
Connection: keep-alive
TIME-STAMP: 237
CITY-ID: IDS60908


Oct 08, 2023 5:01:19 PM src.GETClient main
INFO: Waiting for server.

Oct 08, 2023 5:01:19 PM src.GETClient processRequest
INFO: Response from server:
id: IDS60908
name: Gold Coast
state: QLD
time_zone: EST
lat: -9.566284107032772
lon: -67.43488248761159
local_date_time: null
local_date_time_full: 2023980232936
air_temp: 19.47793521120843
apparent_t: 37.55226151636861
cloud: Partly cloudy
dewpt: 6.539283680904909
press: 955.6783205768912
rel_hum: 23
wind_dir: S
wind_spd_kmh: 4
wind_spd_kt: 12

Oct 08, 2023 5:01:19 PM src.GETClient main
INFO: Client updated timestamp after processing request: 239

Oct 08, 2023 5:01:20 PM src.GETClient main
INFO: 
Sending reqeuest to AS.
GET / HTTP/1.1
Host: localhost
Connection: keep-alive
TIME-STAMP: 239
CITY-ID: IDS60904


Oct 08, 2023 5:01:20 PM src.GETClient main
INFO: Server processed request immidiately.

Oct 08, 2023 5:01:20 PM src.GETClient processRequest
INFO: Response from server:
id: IDS60904
name: null
state: null
time_zone: null
lat: null
lon: null
local_date_time: null
local_date_time_full: null
air_temp: null
apparent_t: null
cloud: null
dewpt: null
press: null
rel_hum: null
wind_dir: null
wind_spd_kmh: null
wind_spd_kt: null

Oct 08, 2023 5:01:21 PM src.GETClient main
INFO: 
Sending reqeuest to AS.
GET / HTTP/1.1
Host: localhost
Connection: keep-alive
TIME-STAMP: 241
CITY-ID: IDS60905


Oct 08, 2023 5:01:21 PM src.GETClient main
INFO: Server processed request immidiately.

Oct 08, 2023 5:01:21 PM src.GETClient processRequest
INFO: Response from server:
id: IDS60905
name: null
state: null
time_zone: null
lat: null
lon: null
local_date_time: null
local_date_time_full: null
air_temp: null
apparent_t: null
cloud: null
dewpt: null
press: null
rel_hum: null
wind_dir: null
wind_spd_kmh: null
wind_spd_kt: null

Oct 08, 2023 5:01:22 PM src.GETClient main
INFO: Shutting down Client 8
