Oct 08, 2023 5:00:42 PM src.GETClient main
INFO: Log File for Client 3

Oct 08, 2023 5:00:42 PM src.GETClient main
INFO: 
Sending reqeuest to AS.
GET / HTTP/1.1
Host: localhost
Connection: keep-alive
TIME-STAMP: 0
CITY-ID: IDS60910


Oct 08, 2023 5:00:42 PM src.GETClient main
INFO: Server processed request immidiately.

Oct 08, 2023 5:00:42 PM src.GETClient processRequest
INFO: Response from server:
id: IDS60910
name: null
state: null
time_zone: null
lat: null
lon: null
local_date_time: null
local_date_time_full: null
air_temp: null
apparent_t: null
cloud: null
dewpt: null
press: null
rel_hum: null
wind_dir: null
wind_spd_kmh: null
wind_spd_kt: null

Oct 08, 2023 5:00:43 PM src.GETClient main
INFO: 
Sending reqeuest to AS.
GET / HTTP/1.1
Host: localhost
Connection: keep-alive
TIME-STAMP: 22
CITY-ID: IDS60901


Oct 08, 2023 5:00:43 PM src.GETClient main
INFO: Server processed request immidiately.

Oct 08, 2023 5:00:43 PM src.GETClient processRequest
INFO: Response from server:
id: IDS60901
name: Adelaide
state: SA
time_zone: EST
lat: -10.231594406136566
lon: -110.1638467408522
local_date_time: null
local_date_time_full: 20233854165724
air_temp: 38.89570760837646
apparent_t: -5.005176613420284
cloud: Mostly cloudy
dewpt: 4.057059749340098
press: 974.5179669863481
rel_hum: 76
wind_dir: E
wind_spd_kmh: 3
wind_spd_kt: 0

Oct 08, 2023 5:00:44 PM src.GETClient main
INFO: 
Sending reqeuest to AS.
GET / HTTP/1.1
Host: localhost
Connection: keep-alive
TIME-STAMP: 39
CITY-ID: IDS60901


Oct 08, 2023 5:00:44 PM src.GETClient main
INFO: Server processed request immidiately.

Oct 08, 2023 5:00:44 PM src.GETClient processRequest
INFO: Response from server:
id: IDS60901
name: Adelaide
state: SA
time_zone: EST
lat: -10.231594406136566
lon: -110.1638467408522
local_date_time: null
local_date_time_full: 20233854165724
air_temp: 38.89570760837646
apparent_t: -5.005176613420284
cloud: Mostly cloudy
dewpt: 4.057059749340098
press: 974.5179669863481
rel_hum: 76
wind_dir: E
wind_spd_kmh: 3
wind_spd_kt: 0

Oct 08, 2023 5:00:45 PM src.GETClient main
INFO: 
Sending reqeuest to AS.
GET / HTTP/1.1
Host: localhost
Connection: keep-alive
TIME-STAMP: 52
CITY-ID: IDS60901


Oct 08, 2023 5:00:45 PM src.GETClient main
INFO: Server processed request immidiately.

Oct 08, 2023 5:00:45 PM src.GETClient processRequest
INFO: Response from server:
id: IDS60901
name: Adelaide
state: SA
time_zone: EST
lat: -10.231594406136566
lon: -110.1638467408522
local_date_time: null
local_date_time_full: 20233854165724
air_temp: 38.89570760837646
apparent_t: -5.005176613420284
cloud: Mostly cloudy
dewpt: 4.057059749340098
press: 974.5179669863481
rel_hum: 76
wind_dir: E
wind_spd_kmh: 3
wind_spd_kt: 0

Oct 08, 2023 5:00:46 PM src.GETClient main
INFO: 
Sending reqeuest to AS.
GET / HTTP/1.1
Host: localhost
Connection: keep-alive
TIME-STAMP: 63
CITY-ID: IDS60906


Oct 08, 2023 5:00:46 PM src.GETClient main
INFO: Server processed request immidiately.

Oct 08, 2023 5:00:46 PM src.GETClient processRequest
INFO: Response from server:
id: IDS60906
name: Mount Gambier
state: SA
time_zone: EST
lat: -45.29819607022167
lon: -64.12566072579207
local_date_time: null
local_date_time_full: 2023984210353
air_temp: 18.89236851723631
apparent_t: 23.8278942594387
cloud: Mostly cloudy
dewpt: 20.494793121336976
press: 1097.1373445281342
rel_hum: 64
wind_dir: SE
wind_spd_kmh: 17
wind_spd_kt: 3

Oct 08, 2023 5:00:47 PM src.GETClient main
INFO: 
Sending reqeuest to AS.
GET / HTTP/1.1
Host: localhost
Connection: keep-alive
TIME-STAMP: 75
CITY-ID: IDS60903


Oct 08, 2023 5:00:47 PM src.GETClient main
INFO: Server processed request immidiately.

Oct 08, 2023 5:00:47 PM src.GETClient processRequest
INFO: Response from server:
id: IDS60903
name: Brisbane
state: QLD
time_zone: JST
lat: -25.641340212974413
lon: -143.92959047810507
local_date_time: null
local_date_time_full: 20237772224830
air_temp: 19.915405884644226
apparent_t: 35.26867267806776
cloud: Partly cloudy
dewpt: 28.01551845206876
press: 991.6047029988117
rel_hum: 28
wind_dir: SE
wind_spd_kmh: 20
wind_spd_kt: 20

Oct 08, 2023 5:00:48 PM src.GETClient main
INFO: 
Sending reqeuest to AS.
GET / HTTP/1.1
Host: localhost
Connection: keep-alive
TIME-STAMP: 89
CITY-ID: IDS60902


Oct 08, 2023 5:00:48 PM src.GETClient main
INFO: Server processed request immidiately.

Oct 08, 2023 5:00:48 PM src.GETClient processRequest
INFO: Response from server:
id: IDS60902
name: Sydney
state: NSW
time_zone: GMT
lat: -79.54015652996225
lon: -176.3607654881395
local_date_time: null
local_date_time_full: 20238182212337
air_temp: 38.39646033515628
apparent_t: 23.883085223034072
cloud: Overcast
dewpt: 22.486584905824927
press: 971.0614458410861
rel_hum: 39
wind_dir: NE
wind_spd_kmh: 1
wind_spd_kt: 12

Oct 08, 2023 5:00:49 PM src.GETClient main
INFO: 
Sending reqeuest to AS.
GET / HTTP/1.1
Host: localhost
Connection: keep-alive
TIME-STAMP: 98
CITY-ID: IDS60905


Oct 08, 2023 5:00:49 PM src.GETClient main
INFO: Server processed request immidiately.

Oct 08, 2023 5:00:49 PM src.GETClient processRequest
INFO: Response from server:
id: IDS60905
name: Perth
state: WA
time_zone: GMT
lat: -1.755307223531787
lon: 35.87339356772037
local_date_time: null
local_date_time_full: 20238476101145
air_temp: 12.371146841234047
apparent_t: 33.47281750982357
cloud: Mostly cloudy
dewpt: 7.24329570163011
press: 954.6317990332207
rel_hum: 18
wind_dir: E
wind_spd_kmh: 29
wind_spd_kt: 16

Oct 08, 2023 5:00:50 PM src.GETClient main
INFO: 
Sending reqeuest to AS.
GET / HTTP/1.1
Host: localhost
Connection: keep-alive
TIME-STAMP: 111
CITY-ID: IDS60903


Oct 08, 2023 5:00:50 PM src.GETClient main
INFO: Server processed request immidiately.

Oct 08, 2023 5:00:50 PM src.GETClient processRequest
INFO: Response from server:
id: IDS60903
name: Brisbane
state: QLD
time_zone: JST
lat: -25.641340212974413
lon: -143.92959047810507
local_date_time: null
local_date_time_full: 20237772224830
air_temp: 19.915405884644226
apparent_t: 35.26867267806776
cloud: Partly cloudy
dewpt: 28.01551845206876
press: 991.6047029988117
rel_hum: 28
wind_dir: SE
wind_spd_kmh: 20
wind_spd_kt: 20

Oct 08, 2023 5:00:51 PM src.GETClient main
INFO: 
Sending reqeuest to AS.
GET / HTTP/1.1
Host: localhost
Connection: keep-alive
TIME-STAMP: 118
CITY-ID: IDS60908


Oct 08, 2023 5:00:51 PM src.GETClient main
INFO: Server processed request immidiately.

Oct 08, 2023 5:00:51 PM src.GETClient processRequest
INFO: Response from server:
id: IDS60908
name: Gold Coast
state: QLD
time_zone: CST
lat: -50.884519734109745
lon: -104.3242121307855
local_date_time: null
local_date_time_full: 2023548716132
air_temp: 20.013101870103455
apparent_t: 12.779760514673349
cloud: Clear
dewpt: 11.691943684273575
press: 988.1737453881508
rel_hum: 42
wind_dir: SW
wind_spd_kmh: 15
wind_spd_kt: 16

Oct 08, 2023 5:00:52 PM src.GETClient main
INFO: 
Sending reqeuest to AS.
GET / HTTP/1.1
Host: localhost
Connection: keep-alive
TIME-STAMP: 130
CITY-ID: IDS60906


Oct 08, 2023 5:00:52 PM src.GETClient main
INFO: Server processed request immidiately.

Oct 08, 2023 5:00:52 PM src.GETClient processRequest
INFO: Response from server:
id: IDS60906
name: Mount Gambier
state: SA
time_zone: EST
lat: -45.29819607022167
lon: -64.12566072579207
local_date_time: null
local_date_time_full: 2023984210353
air_temp: 18.89236851723631
apparent_t: 23.8278942594387
cloud: Mostly cloudy
dewpt: 20.494793121336976
press: 1097.1373445281342
rel_hum: 64
wind_dir: SE
wind_spd_kmh: 17
wind_spd_kt: 3

Oct 08, 2023 5:00:53 PM src.GETClient main
INFO: 
Sending reqeuest to AS.
GET / HTTP/1.1
Host: localhost
Connection: keep-alive
TIME-STAMP: 134
CITY-ID: IDS60902


Oct 08, 2023 5:00:53 PM src.GETClient main
INFO: Server processed request immidiately.

Oct 08, 2023 5:00:53 PM src.GETClient processRequest
INFO: Response from server:
id: IDS60902
name: Sydney
state: NSW
time_zone: CST
lat: 12.87497691691371
lon: -174.2833693761945
local_date_time: null
local_date_time_full: 202310271131421
air_temp: 7.148891611056278
apparent_t: -2.1354767617619252
cloud: Mostly cloudy
dewpt: 12.185182957906456
press: 981.8463098694488
rel_hum: 66
wind_dir: E
wind_spd_kmh: 0
wind_spd_kt: 16

Oct 08, 2023 5:00:54 PM src.GETClient main
INFO: 
Sending reqeuest to AS.
GET / HTTP/1.1
Host: localhost
Connection: keep-alive
TIME-STAMP: 142
CITY-ID: IDS60905


Oct 08, 2023 5:00:54 PM src.GETClient main
INFO: Server processed request immidiately.

Oct 08, 2023 5:00:54 PM src.GETClient processRequest
INFO: Response from server:
id: IDS60905
name: Perth
state: WA
time_zone: AEDT
lat: 80.98006600396687
lon: 173.7084020686861
local_date_time: null
local_date_time_full: 20239628192932
air_temp: -4.104280505086385
apparent_t: 34.78859858386215
cloud: Overcast
dewpt: 7.120984237775826
press: 1039.8061691895302
rel_hum: 9
wind_dir: E
wind_spd_kmh: 7
wind_spd_kt: 5

Oct 08, 2023 5:00:55 PM src.GETClient main
INFO: 
Sending reqeuest to AS.
GET / HTTP/1.1
Host: localhost
Connection: keep-alive
TIME-STAMP: 150
CITY-ID: IDS60903


Oct 08, 2023 5:00:55 PM src.GETClient main
INFO: Server processed request immidiately.

Oct 08, 2023 5:00:55 PM src.GETClient processRequest
INFO: Response from server:
id: IDS60903
name: Brisbane
state: QLD
time_zone: PST
lat: -70.83844648762252
lon: -105.78026745484617
local_date_time: null
local_date_time_full: 20231214801119
air_temp: 26.231126080581213
apparent_t: 37.93400652477434
cloud: Clear
dewpt: 0.8008515398961791
press: 971.292920583075
rel_hum: 12
wind_dir: S
wind_spd_kmh: 28
wind_spd_kt: 13

Oct 08, 2023 5:00:56 PM src.GETClient main
INFO: 
Sending reqeuest to AS.
GET / HTTP/1.1
Host: localhost
Connection: keep-alive
TIME-STAMP: 162
CITY-ID: IDS60909


Oct 08, 2023 5:00:56 PM src.GETClient main
INFO: Server processed request immidiately.

Oct 08, 2023 5:00:56 PM src.GETClient processRequest
INFO: Response from server:
id: IDS60909
name: Geelong
state: VIC
time_zone: CST
lat: -68.43499376711127
lon: 162.46317545202743
local_date_time: null
local_date_time_full: 2023645563116
air_temp: -5.284819155830647
apparent_t: 9.076718351787296
cloud: Partly cloudy
dewpt: 17.479089696510837
press: 992.53838782958
rel_hum: 7
wind_dir: NE
wind_spd_kmh: 22
wind_spd_kt: 17

Oct 08, 2023 5:00:57 PM src.GETClient main
INFO: 
Sending reqeuest to AS.
GET / HTTP/1.1
Host: localhost
Connection: keep-alive
TIME-STAMP: 170
CITY-ID: IDS60903


Oct 08, 2023 5:00:57 PM src.GETClient main
INFO: Server processed request immidiately.

Oct 08, 2023 5:00:57 PM src.GETClient processRequest
INFO: Response from server:
id: IDS60903
name: Brisbane
state: QLD
time_zone: PST
lat: -70.83844648762252
lon: -105.78026745484617
local_date_time: null
local_date_time_full: 20231214801119
air_temp: 26.231126080581213
apparent_t: 37.93400652477434
cloud: Clear
dewpt: 0.8008515398961791
press: 971.292920583075
rel_hum: 12
wind_dir: S
wind_spd_kmh: 28
wind_spd_kt: 13

Oct 08, 2023 5:00:58 PM src.GETClient main
INFO: 
Sending reqeuest to AS.
GET / HTTP/1.1
Host: localhost
Connection: keep-alive
TIME-STAMP: 178
CITY-ID: IDS60903


Oct 08, 2023 5:00:58 PM src.GETClient main
INFO: Server processed request immidiately.

Oct 08, 2023 5:00:58 PM src.GETClient processRequest
INFO: Response from server:
id: IDS60903
name: Brisbane
state: QLD
time_zone: PST
lat: -70.83844648762252
lon: -105.78026745484617
local_date_time: null
local_date_time_full: 20231214801119
air_temp: 26.231126080581213
apparent_t: 37.93400652477434
cloud: Clear
dewpt: 0.8008515398961791
press: 971.292920583075
rel_hum: 12
wind_dir: S
wind_spd_kmh: 28
wind_spd_kt: 13

Oct 08, 2023 5:00:59 PM src.GETClient main
INFO: 
Sending reqeuest to AS.
GET / HTTP/1.1
Host: localhost
Connection: keep-alive
TIME-STAMP: 186
CITY-ID: IDS60910


Oct 08, 2023 5:00:59 PM src.GETClient main
INFO: Server processed request immidiately.

Oct 08, 2023 5:00:59 PM src.GETClient processRequest
INFO: Response from server:
id: IDS60910
name: Fremantle
state: WA
time_zone: GMT
lat: -15.250384825325128
lon: -94.98190333966869
local_date_time: null
local_date_time_full: 20234393103623
air_temp: 17.231380744713913
apparent_t: 3.145474462038454
cloud: Mostly cloudy
dewpt: 6.7805934647647526
press: 909.256964597011
rel_hum: 61
wind_dir: E
wind_spd_kmh: 15
wind_spd_kt: 14

Oct 08, 2023 5:01:00 PM src.GETClient main
INFO: 
Sending reqeuest to AS.
GET / HTTP/1.1
Host: localhost
Connection: keep-alive
TIME-STAMP: 193
CITY-ID: IDS60909


Oct 08, 2023 5:01:00 PM src.GETClient main
INFO: Waiting for server.

Oct 08, 2023 5:01:00 PM src.GETClient processRequest
INFO: Response from server:
id: IDS60909
name: Geelong
state: VIC
time_zone: AEDT
lat: 48.91134299043367
lon: -137.76280384979987
local_date_time: null
local_date_time_full: 2023625612416
air_temp: 35.16989279710072
apparent_t: -0.4758991719675052
cloud: Overcast
dewpt: 2.9832523903753163
press: 1056.8078148064683
rel_hum: 35
wind_dir: NW
wind_spd_kmh: 28
wind_spd_kt: 17

Oct 08, 2023 5:01:00 PM src.GETClient main
INFO: Client updated timestamp after processing request: 194

Oct 08, 2023 5:01:01 PM src.GETClient main
INFO: 
Sending reqeuest to AS.
GET / HTTP/1.1
Host: localhost
Connection: keep-alive
TIME-STAMP: 199
CITY-ID: IDS60909


Oct 08, 2023 5:01:01 PM src.GETClient main
INFO: Waiting for server.

Oct 08, 2023 5:01:01 PM src.GETClient processRequest
INFO: Response from server:
id: IDS60909
name: Geelong
state: VIC
time_zone: AEDT
lat: 48.91134299043367
lon: -137.76280384979987
local_date_time: null
local_date_time_full: 2023625612416
air_temp: 35.16989279710072
apparent_t: -0.4758991719675052
cloud: Overcast
dewpt: 2.9832523903753163
press: 1056.8078148064683
rel_hum: 35
wind_dir: NW
wind_spd_kmh: 28
wind_spd_kt: 17

Oct 08, 2023 5:01:01 PM src.GETClient main
INFO: Client updated timestamp after processing request: 200

Oct 08, 2023 5:01:02 PM src.GETClient main
INFO: Shutting down Client 3
